-- vim: ft=ttstar

### Desugared ###

  let
    constructor Bool : Type
    constructor True : Bool
    constructor False : Bool
    constructor Nat : Type
    constructor Z : Nat
    constructor S : (n :R: Nat) -> Nat
    constructor Vec : (_x0 : Nat) -> (_x1 : Type) -> Type
    constructor VNil : (a : Type) -> Vec Z a
    constructor VCons : (a : Type) -> (n : Nat) -> (x : a) -> (xs : Vec n a) -> Vec (S n) a
    vlen : (a : Type) -> (n : Nat) -> (xs : Vec n a) -> Nat 
      a : Type
        vlen a [Z] (VNil [a]) = Z
      a : Type n : Nat x : a xs : Vec n a
        vlen a ([S] n) (VCons [a] [n] x xs) = S (vlen a n xs)
    testVec : Vec 2 Bool = VCons Bool 1 True (VCons Bool Z False (VNil Bool))
    main : Nat = vlen Bool 2 testVec
  in main

### Evarified ###

  let
    constructor Bool :1: Type
    constructor True :2: Bool
    constructor False :3: Bool
    constructor Nat :4: Type
    constructor Z :5: Nat
    constructor S :6: (n :R: Nat) -> Nat
    constructor Vec :7: (_x0 :8: Nat) -> (_x1 :9: Type) -> Type
    constructor VNil :10: (a :11: Type) -> Vec -13- Z -12- a
    constructor VCons :14: (a :15: Type) -> (n :16: Nat) -> (x :17: a) -> (xs :18: Vec -20- n -19- a) -> Vec -22- (S -23- n) -21- a
    vlen :24: (a :25: Type) -> (n :26: Nat) -> (xs :27: Vec -29- n -28- a) -> Nat 
      a :30: Type
        vlen -33- a -32- [Z] -31- (VNil -34- [a]) = Z
      a :35: Type n :36: Nat x :37: a xs :38: Vec -40- n -39- a
        vlen -43- a -42- ([S] -44- n) -41- (VCons -48- [a] -47- [n] -46- x -45- xs) = S -49- (vlen -52- a -51- n -50- xs)
    testVec :53: Vec -55- 2 -54- Bool = VCons -61- Bool -60- 1 -59- True -58- (VCons -66- Bool -65- Z -64- False -63- (VNil -67- Bool))
    main :68: Nat = vlen -71- Bool -70- 2 -69- testVec
  in main

### Constraints ###

[] -> [23,44,49,56,57,62,72,73,R]
[8] -> [13,22,55]
[9] -> [12,21,54]
[11] -> [34,67]
[12] -> [9,19,28]
[12,E] -> [11]
[13] -> [8,20,29]
[13,E] -> [5]
[15] -> [48,61,66]
[16] -> [47,60,65]
[17] -> [46,59,64]
[18] -> [45,58,63]
[19] -> [12,21,39]
[20] -> [13,22,40]
[21] -> [9,19,28,54]
[21,E] -> [15]
[22] -> [8,20,29,55]
[22,E] -> [6,16]
[24] -> [5,6,10,14,24,31,41]
[24,31,34] -> [30]
[24,32] -> [5]
[24,33] -> [30]
[24,41,45] -> [38]
[24,41,46] -> [37]
[24,41,47] -> [36]
[24,41,48] -> [35]
[24,42] -> [6,36]
[24,43] -> [35]
[24,50] -> [38]
[24,51] -> [36]
[24,52] -> [35]
[25] -> [33,43,52,71]
[26] -> [32,42,51,70]
[27] -> [31,41,50,69]
[28] -> [12,21,39,54]
[29] -> [13,22,40,55]
[30] -> [24,33]
[31] -> [27]
[32] -> [26]
[33] -> [25]
[34] -> [11]
[35] -> [24,43]
[36] -> [24,42,44]
[37] -> [24,41,46]
[38] -> [24,41,45]
[39] -> [19,28]
[40] -> [20,29]
[41] -> [27]
[42] -> [26]
[43] -> [25]
[45] -> [18]
[46] -> [17]
[47] -> [16]
[48] -> [15]
[50] -> [27]
[51] -> [26]
[52] -> [25]
[53] -> [14]
[53,58] -> [14]
[53,58,63] -> [10]
[53,58,63,67] -> [1]
[53,58,64] -> [3]
[53,58,65] -> [5]
[53,58,66] -> [1]
[53,59] -> [2]
[53,60] -> [5,6]
[53,61] -> [1]
[54] -> [9,21,28]
[54,E] -> [1]
[55] -> [8,22,29]
[55,E] -> [5,6]
[58] -> [18]
[59] -> [17]
[60] -> [16]
[61] -> [15]
[63] -> [18]
[64] -> [17]
[65] -> [16]
[66] -> [15]
[67] -> [11]
[68] -> [24]
[68,69] -> [53]
[68,70] -> [5,6]
[68,71] -> [1]
[69] -> [27]
[70] -> [26]
[71] -> [25]
[E] -> [1,4,7,R]
[R] -> [68]

### Solution ###

[5,6,10,14,18,23,24,27,31,38,41,44,45,49,50,53,56,57,58,62,63,68,69,72,73,R]

### Annotated ###

  let
    constructor Bool :E: Type
    constructor True :E: Bool
    constructor False :E: Bool
    constructor Nat :E: Type
    constructor Z :R: Nat
    constructor S :R: (n :R: Nat) -> Nat
    constructor Vec :E: (_x0 :E: Nat) -> (_x1 :E: Type) -> Type
    constructor VNil :R: (a :E: Type) -> Vec -E- Z -E- a
    constructor VCons :R: (a :E: Type) -> (n :E: Nat) -> (x :E: a) -> (xs :R: Vec -E- n -E- a) -> Vec -E- (S -R- n) -E- a
    vlen :R: (a :E: Type) -> (n :E: Nat) -> (xs :R: Vec -E- n -E- a) -> Nat 
      a :E: Type
        vlen -E- a -E- [Z] -R- (VNil -E- [a]) = Z
      a :E: Type n :E: Nat x :E: a xs :R: Vec -E- n -E- a
        vlen -E- a -E- ([S] -R- n) -R- (VCons -E- [a] -E- [n] -E- x -R- xs) = S -R- (vlen -E- a -E- n -R- xs)
    testVec :R: Vec -E- 2 -E- Bool = VCons -E- Bool -E- 1 -E- True -R- (VCons -E- Bool -E- Z -E- False -R- (VNil -E- Bool))
    main :R: Nat = vlen -E- Bool -E- 2 -R- testVec
  in main

### Specialised ###

  let
    constructor Bool :E: Type
    constructor True :E: Bool
    constructor False :E: Bool
    constructor Nat :E: Type
    constructor Z :R: Nat
    constructor S :R: (n :R: Nat) -> Nat
    constructor Vec :E: (_x0 :E: Nat) -> (_x1 :E: Type) -> Type
    constructor VNil :R: (a :E: Type) -> Vec -E- Z -E- a
    constructor VCons :R: (a :E: Type) -> (n :E: Nat) -> (x :E: a) -> (xs :R: Vec -E- n -E- a) -> Vec -E- (S -R- n) -E- a
    vlen :R: (a :E: Type) -> (n :E: Nat) -> (xs :R: Vec -E- n -E- a) -> Nat 
      a :E: Type
        vlen -E- a -E- [Z] -R- (VNil -E- [a]) = Z
      a :E: Type n :E: Nat x :E: a xs :R: Vec -E- n -E- a
        vlen -E- a -E- ([S] -R- n) -R- (VCons -E- [a] -E- [n] -E- x -R- xs) = S -R- (vlen -E- a -E- n -R- xs)
    testVec :R: Vec -E- 2 -E- Bool = VCons -E- Bool -E- 1 -E- True -R- (VCons -E- Bool -E- Z -E- False -R- (VNil -E- Bool))
    main :R: Nat = vlen -E- Bool -E- 2 -R- testVec
  in main

### Final annotation ###

  let
    constructor Bool :E: Type
    constructor True :E: Bool
    constructor False :E: Bool
    constructor Nat :E: Type
    constructor Z :R: Nat
    constructor S :R: (n :R: Nat) -> Nat
    constructor Vec :E: (_x0 :E: Nat) -> (_x1 :E: Type) -> Type
    constructor VNil :R: (a :E: Type) -> Vec -E- Z -E- a
    constructor VCons :R: (a :E: Type) -> (n :E: Nat) -> (x :E: a) -> (xs :R: Vec -E- n -E- a) -> Vec -E- (S -R- n) -E- a
    vlen :R: (a :E: Type) -> (n :E: Nat) -> (xs :R: Vec -E- n -E- a) -> Nat 
      a :E: Type
        vlen -E- a -E- [Z] -R- (VNil -E- [a]) = Z
      a :E: Type n :E: Nat x :E: a xs :R: Vec -E- n -E- a
        vlen -E- a -E- ([S] -R- n) -R- (VCons -E- [a] -E- [n] -E- x -R- xs) = S -R- (vlen -E- a -E- n -R- xs)
    testVec :R: Vec -E- 2 -E- Bool = VCons -E- Bool -E- 1 -E- True -R- (VCons -E- Bool -E- Z -E- False -R- (VNil -E- Bool))
    main :R: Nat = vlen -E- Bool -E- 2 -R- testVec
  in main

### Verification ###

Verification successful.

### Pruned ###

  let
    constructor Z : Nat
    constructor S : (n) -> Nat
    constructor VNil : Vec
    constructor VCons : (xs) -> Vec
    vlen 
      vlen VNil = Z
      vlen (VCons xs) = S (vlen xs)
    testVec = VCons (VCons VNil)
    main = vlen testVec
  in main

### Intermediate representation ###

let Z = constructor 0
  in let S = constructor 1
    in let VNil = constructor 0
      in let VCons = constructor 1
        in let vlen = \_pv0.
          case _pv0 of
            VCons _pv1 => (S (vlen _pv1))
            VNil => Z
          in let testVec = (VCons (VCons VNil))
            in let main = (vlen testVec)
              in main

### Normal forms ###

unerased:
  
  let
    constructor Nat : Type
    constructor Z : Nat
    constructor S : (n :R: Nat) -> Nat
  in 2

erased:
  
  let
    constructor Z : Nat
    constructor S : (n) -> Nat
  in 2

