-- vim: ft=ttstar

### Desugared ###

  let
    constructor Nat : Type
    constructor Z : Nat
    constructor S : (x :R: Nat) -> Nat
    plus : (_x0 : Nat) -> (_x1 : Nat) -> Nat 
      m : Nat
        plus Z m = m
      n : Nat m : Nat
        plus (S n) m = S (plus n m)
    id : (x : Nat) -> Nat = (\x : Nat. x)
    const : (x : Nat) -> (y : Nat) -> Nat = (\x : Nat. (\y : Nat. x))
    main : Nat = 
      let apply : (_x2 : (_x3 : Nat) -> Nat) -> (_x4 : Nat) -> Nat 
        f : (_x5 : Nat) -> Nat
          apply f Z = f Z
        f : (_x6 : Nat) -> Nat x : Nat
          apply f (S x) = f (S x)
      in 
        let
          postulate Q : Nat
          three : Nat = 3
        in plus (apply id 2) (apply (const Q) three)
  in main

### Evarified ###

  let
    constructor Nat :1: Type
    constructor Z :2: Nat
    constructor S :3: (x :R: Nat) -> Nat
    plus :4: (_x0 :5: Nat) -> (_x1 :6: Nat) -> Nat 
      m :7: Nat
        plus -9- Z -8- m = m
      n :10: Nat m :11: Nat
        plus -13- (S -14- n) -12- m = S -15- (plus -17- n -16- m)
    id :18: (x :19: Nat) -> Nat = (\x :20: Nat. x)
    const :21: (x :22: Nat) -> (y :23: Nat) -> Nat = (\x :24: Nat. (\y :25: Nat. x))
    main :26: Nat = 
      let apply :27: (_x2 :28: (_x3 :29: Nat) -> Nat) -> (_x4 :30: Nat) -> Nat 
        f :31: (_x5 :32: Nat) -> Nat
          apply -34- f -33- Z = f -35- Z
        f :36: (_x6 :37: Nat) -> Nat x :38: Nat
          apply -40- f -39- (S -41- x) = f -42- (S -43- x)
      in 
        let
          postulate Q :44: Nat
          three :45: Nat = 3
        in plus -50- (apply -52- id -51- 2) -49- (apply -56- (const -57- Q) -55- three)
  in main

### Constraints ###

[] -> [14,15,26,41,43,46,47,48,53,54]
[4] -> [2,3,4,7,9,13]
[4,8] -> [7]
[4,12] -> [11]
[4,13,14] -> [10]
[4,15] -> [4]
[4,15,16] -> [11]
[4,15,17] -> [10]
[5] -> [9,13,17,50]
[6] -> [8,12,16,49]
[7] -> [4,8]
[8] -> [6]
[9] -> [5]
[10] -> [4,13,14]
[11] -> [4,12]
[12] -> [6]
[13] -> [5]
[16] -> [6]
[17] -> [5]
[18] -> [20]
[19] -> [20,29]
[20] -> [19]
[21] -> [24]
[22] -> [24,57]
[23] -> [25,29]
[24] -> [22]
[25] -> [23]
[26] -> [4]
[26,49] -> [27]
[26,49,55] -> [45]
[26,49,56] -> [21]
[26,49,56,57] -> [44]
[26,50] -> [27]
[26,50,51] -> [3]
[26,50,51,53] -> [3]
[26,50,51,53,54] -> [2]
[26,50,52] -> [18]
[27] -> [2,3,27,31,33,36,39]
[27,34] -> [31]
[27,35] -> [2]
[27,39,41] -> [38]
[27,40] -> [36]
[27,42] -> [3]
[27,42,43] -> [38]
[28] -> [34,40,52,56]
[29] -> [19,23,32,37]
[30] -> [33,39,51,55]
[31] -> [27,34]
[32] -> [29,35]
[33] -> [30]
[34] -> [28]
[35] -> [32]
[36] -> [27,40]
[37] -> [29,42]
[38] -> [27,39,41]
[39] -> [30]
[40] -> [28]
[42] -> [37]
[45] -> [3]
[45,46] -> [3]
[45,46,47] -> [3]
[45,46,47,48] -> [2]
[49] -> [6]
[50] -> [5]
[51] -> [30]
[52] -> [28]
[55] -> [30]
[56] -> [28]
[57] -> [22]

### Solution ###

[2,3,4,5,6,7,8,9,10,11,12,13,14,15,16,17,18,19,20,21,22,23,24,25,26,27,28,29,30,31,32,33,34,35,36,37,38,39,40,41,42,43,44,45,46,47,48,49,50,51,52,53,54,55,56,57,R]

### Annotated ###

  let
    constructor Nat :E: Type
    constructor Z :R: Nat
    constructor S :R: (x :R: Nat) -> Nat
    plus :R: (_x0 :R: Nat) -> (_x1 :R: Nat) -> Nat 
      m :R: Nat
        plus -R- Z -R- m = m
      n :R: Nat m :R: Nat
        plus -R- (S -R- n) -R- m = S -R- (plus -R- n -R- m)
    id :R: (x :R: Nat) -> Nat = (\x :R: Nat. x)
    const :R: (x :R: Nat) -> (y :R: Nat) -> Nat = (\x :R: Nat. (\y :R: Nat. x))
    main :R: Nat = 
      let apply :R: (_x2 :R: (_x3 :R: Nat) -> Nat) -> (_x4 :R: Nat) -> Nat 
        f :R: (_x5 :R: Nat) -> Nat
          apply -R- f -R- Z = f -R- Z
        f :R: (_x6 :R: Nat) -> Nat x :R: Nat
          apply -R- f -R- (S -R- x) = f -R- (S -R- x)
      in 
        let
          postulate Q :R: Nat
          three :R: Nat = 3
        in plus -R- (apply -R- id -R- 2) -R- (apply -R- (const -R- Q) -R- three)
  in main

### Specialised ###

  let
    constructor Nat :E: Type
    constructor Z :R: Nat
    constructor S :R: (x :R: Nat) -> Nat
    plus :R: (_x0 :R: Nat) -> (_x1 :R: Nat) -> Nat 
      m :R: Nat
        plus -R- Z -R- m = m
      n :R: Nat m :R: Nat
        plus -R- (S -R- n) -R- m = S -R- (plus -R- n -R- m)
    id :R: (x :R: Nat) -> Nat = (\x :R: Nat. x)
    const :R: (x :R: Nat) -> (y :R: Nat) -> Nat = (\x :R: Nat. (\y :R: Nat. x))
    main :R: Nat = 
      let apply :R: (_x2 :R: (_x3 :R: Nat) -> Nat) -> (_x4 :R: Nat) -> Nat 
        f :R: (_x5 :R: Nat) -> Nat
          apply -R- f -R- Z = f -R- Z
        f :R: (_x6 :R: Nat) -> Nat x :R: Nat
          apply -R- f -R- (S -R- x) = f -R- (S -R- x)
      in 
        let
          postulate Q :R: Nat
          three :R: Nat = 3
        in plus -R- (apply -R- id -R- 2) -R- (apply -R- (const -R- Q) -R- three)
  in main

### Final annotation ###

  let
    constructor Nat :E: Type
    constructor Z :R: Nat
    constructor S :R: (x :R: Nat) -> Nat
    plus :R: (_x0 :R: Nat) -> (_x1 :R: Nat) -> Nat 
      m :R: Nat
        plus -R- Z -R- m = m
      n :R: Nat m :R: Nat
        plus -R- (S -R- n) -R- m = S -R- (plus -R- n -R- m)
    id :R: (x :R: Nat) -> Nat = (\x :R: Nat. x)
    const :R: (x :R: Nat) -> (y :R: Nat) -> Nat = (\x :R: Nat. (\y :R: Nat. x))
    main :R: Nat = 
      let apply :R: (_x2 :R: (_x3 :R: Nat) -> Nat) -> (_x4 :R: Nat) -> Nat 
        f :R: (_x5 :R: Nat) -> Nat
          apply -R- f -R- Z = f -R- Z
        f :R: (_x6 :R: Nat) -> Nat x :R: Nat
          apply -R- f -R- (S -R- x) = f -R- (S -R- x)
      in 
        let
          postulate Q :R: Nat
          three :R: Nat = 3
        in plus -R- (apply -R- id -R- 2) -R- (apply -R- (const -R- Q) -R- three)
  in main

### Verification ###

Verification successful.

### Pruned ###

  let
    constructor Z : Nat
    constructor S : (x) -> Nat
    plus 
      plus Z m = m
      plus (S n) m = S (plus n m)
    id = (\x. x)
    const = (\x. (\y. x))
    main = 
      let apply 
        apply f Z = f Z
        apply f (S x) = f (S x)
      in 
        let
          postulate Q : Nat
          three = 3
        in plus (apply id 2) (apply (const Q) three)
  in main

### Intermediate representation ###

let Z = constructor 0
  in let S = constructor 1
    in let plus = \_pv0. \_pv1.
      case _pv0 of
        S _pv2 => (S ((plus _pv2) _pv1))
        Z => _pv1
      in let id = \x. x
        in let const = \x. \y. x
          in let main = let apply = \_pv0. \_pv1.
            case _pv1 of
              S _pv2 => (_pv0 (S _pv2))
              Z => (_pv0 Z)
            in let Q = constructor 0
              in let three = (S (S (S Z)))
                in ((plus ((apply id) (S (S Z)))) ((apply (const Q)) three))
            in main

### Normal forms ###

unerased:
  
  let
    constructor Nat : Type
    constructor S : (x :R: Nat) -> Nat
  in 
    let postulate Q : Nat
    in S (S Q)

erased:
  
  let constructor S : (x) -> Nat
  in 
    let postulate Q : Nat
    in S (S Q)

