-- vim: ft=ttstar

### Desugared ###

  let
    constructor N : Type
    constructor Z : N
    constructor S : (x :R: N) -> N
    constructor Vec : (_x0 : N) -> (_x1 : Type) -> Type
    constructor Nil : (a : Type) -> Vec Z a
    constructor Cons : (a : Type) -> (n : N) -> (x :R: a) -> (xs :R: Vec n a) -> Vec (S n) a
    plus : (_x2 : N) -> (_x3 : N) -> N 
      n : N
        plus Z n = n
      m : N n : N
        plus (S m) n = S (plus m n)
    append : (a : Type) -> (m : N) -> (n : N) -> (xs : Vec m a) -> (ys : Vec n a) -> Vec (plus m n) a 
      a : Type n : N ys : Vec n a
        append a [Z] n (Nil [a]) ys = ys
      a : Type m : N n : N x : a xs : Vec m a ys : Vec n a
        append a ([S] m) n (Cons [a] [m] x xs) ys = Cons a (plus m n) x (append a m n xs ys)
    main : Vec 1 N = append N Z 1 (Nil N) (Cons N Z 4 (Nil N))
  in main

### Evarified ###

  let
    constructor N :1: Type
    constructor Z :2: N
    constructor S :3: (x :R: N) -> N
    constructor Vec :4: (_x0 :5: N) -> (_x1 :6: Type) -> Type
    constructor Nil :7: (a :8: Type) -> Vec -10- Z -9- a
    constructor Cons :11: (a :12: Type) -> (n :13: N) -> (x :R: a) -> (xs :R: Vec -15- n -14- a) -> Vec -17- (S -18- n) -16- a
    plus :19: (_x2 :20: N) -> (_x3 :21: N) -> N 
      n :22: N
        plus -24- Z -23- n = n
      m :25: N n :26: N
        plus -28- (S -29- m) -27- n = S -30- (plus -32- m -31- n)
    append :33: (a :34: Type) -> (m :35: N) -> (n :36: N) -> (xs :37: Vec -39- m -38- a) -> (ys :40: Vec -42- n -41- a) -> Vec -44- (plus -46- m -45- n) -43- a 
      a :47: Type n :48: N ys :49: Vec -51- n -50- a
        append -56- a -55- [Z] -54- n -53- (Nil -57- [a]) -52- ys = ys
      a :58: Type m :59: N n :60: N x :61: a xs :62: Vec -64- m -63- a ys :65: Vec -67- n -66- a
        append -72- a -71- ([S] -73- m) -70- n -69- (Cons -77- [a] -76- [m] -75- x -74- xs) -68- ys = Cons -81- a -80- (plus -83- m -82- n) -79- x -78- (append -88- a -87- m -86- n -85- xs -84- ys)
    main :89: Vec -91- 1 -90- N = append -97- N -96- Z -95- 1 -94- (Nil -99- N) -93- (Cons -103- N -102- Z -101- 4 -100- (Nil -108- N))
  in main

### Constraints ###

[] -> [18,29,30,73,74,75,78,79,89,92,98,100,101,104,105,106,107]
[5] -> [10,15,17,39,42,44,51,64,67,91]
[6] -> [9,14,16,38,41,43,50,63,66,90]
[8] -> [57,99,108]
[9] -> [6,14,38]
[10] -> [5,10]
[12] -> [77,81,103]
[13] -> [76,80,102]
[14] -> [6,9,43,63]
[15] -> [5]
[16] -> [6,38,41,43]
[17] -> [5,17]
[18] -> [18]
[19] -> [2,3,19,22,24,28]
[19,23] -> [22]
[19,27] -> [26]
[19,28,29] -> [25]
[19,30] -> [19]
[19,30,31] -> [26]
[19,30,32] -> [25]
[20] -> [24,28,32,46,83]
[21] -> [23,27,31,45,82]
[22] -> [19,23]
[23] -> [21]
[24] -> [20]
[25] -> [19,28,29]
[26] -> [19,27]
[27] -> [21]
[28] -> [20]
[30] -> [30]
[31] -> [21,31]
[32] -> [20,32]
[33] -> [7,11,33,49,53,69]
[33,52] -> [49]
[33,53,57] -> [47]
[33,54] -> [48]
[33,55] -> [2]
[33,56] -> [47]
[33,68] -> [65]
[33,69,74] -> [62]
[33,69,75] -> [61]
[33,69,76] -> [59]
[33,69,77] -> [58]
[33,70] -> [60]
[33,71] -> [3]
[33,71,73] -> [59]
[33,72] -> [58]
[33,78] -> [33]
[33,78,84] -> [65]
[33,78,85] -> [62]
[33,78,86] -> [60]
[33,78,87] -> [59]
[33,78,88] -> [58]
[33,79] -> [61]
[33,80] -> [19]
[33,80,82] -> [60]
[33,80,83] -> [59]
[33,81] -> [58]
[34] -> [56,72,88,97]
[35] -> [55,71,87,96]
[36] -> [54,70,86,95]
[37] -> [53,69,85,94]
[38] -> [6,9,16,63]
[39] -> [5]
[40] -> [52,68,84,93]
[41] -> [6,16,50,66]
[42] -> [5]
[43] -> [6,14,16,50,90]
[44] -> [5,44]
[45] -> [21,45]
[46] -> [20,46]
[47] -> [33,56]
[48] -> [33,54]
[49] -> [33,52]
[50] -> [6,41,43]
[51] -> [5,51]
[52] -> [40]
[53] -> [37]
[54] -> [36]
[55] -> [35]
[56] -> [34]
[57] -> [8]
[58] -> [33,72]
[59] -> [33,71,73]
[60] -> [33,70]
[61] -> [33,69,75]
[62] -> [33,69,74]
[63] -> [6,14,38]
[64] -> [5,64]
[65] -> [33,68]
[66] -> [6,41]
[67] -> [5,67]
[68] -> [40]
[69] -> [37]
[70] -> [36]
[71] -> [35]
[72] -> [34]
[76] -> [13]
[77] -> [12]
[80] -> [13]
[81] -> [12]
[82] -> [21]
[83] -> [20]
[84] -> [40]
[85] -> [37]
[86] -> [36]
[87] -> [35]
[88] -> [34]
[89] -> [33]
[89,93] -> [11]
[89,93,100] -> [7]
[89,93,100,108] -> [1]
[89,93,101] -> [3]
[89,93,101,104] -> [3]
[89,93,101,104,105] -> [3]
[89,93,101,104,105,106] -> [3]
[89,93,101,104,105,106,107] -> [2]
[89,93,102] -> [2]
[89,93,103] -> [1]
[89,94] -> [7]
[89,94,99] -> [1]
[89,95] -> [3]
[89,95,98] -> [2]
[89,96] -> [2]
[89,97] -> [1]
[90] -> [6,43]
[91] -> [5,91]
[92] -> [92]
[93] -> [40]
[94] -> [37]
[95] -> [36]
[96] -> [35]
[97] -> [34]
[99] -> [8]
[102] -> [13]
[103] -> [12]
[108] -> [8]

### Solution ###

[2,3,7,11,18,29,30,33,37,40,49,52,53,61,62,65,68,69,73,74,75,78,79,84,85,89,92,93,94,98,100,101,104,105,106,107,R]

### Annotated ###

  let
    constructor N :E: Type
    constructor Z :R: N
    constructor S :R: (x :R: N) -> N
    constructor Vec :E: (_x0 :E: N) -> (_x1 :E: Type) -> Type
    constructor Nil :R: (a :E: Type) -> Vec -E- Z -E- a
    constructor Cons :R: (a :E: Type) -> (n :E: N) -> (x :R: a) -> (xs :R: Vec -E- n -E- a) -> Vec -E- (S -R- n) -E- a
    plus :E: (_x2 :E: N) -> (_x3 :E: N) -> N 
      n :E: N
        plus -E- Z -E- n = n
      m :E: N n :E: N
        plus -E- (S -R- m) -E- n = S -R- (plus -E- m -E- n)
    append :R: (a :E: Type) -> (m :E: N) -> (n :E: N) -> (xs :R: Vec -E- m -E- a) -> (ys :R: Vec -E- n -E- a) -> Vec -E- (plus -E- m -E- n) -E- a 
      a :E: Type n :E: N ys :R: Vec -E- n -E- a
        append -E- a -E- [Z] -E- n -R- (Nil -E- [a]) -R- ys = ys
      a :E: Type m :E: N n :E: N x :R: a xs :R: Vec -E- m -E- a ys :R: Vec -E- n -E- a
        append -E- a -E- ([S] -R- m) -E- n -R- (Cons -E- [a] -E- [m] -R- x -R- xs) -R- ys = Cons -E- a -E- (plus -E- m -E- n) -R- x -R- (append -E- a -E- m -E- n -R- xs -R- ys)
    main :R: Vec -E- 1 -E- N = append -E- N -E- Z -E- 1 -R- (Nil -E- N) -R- (Cons -E- N -E- Z -R- 4 -R- (Nil -E- N))
  in main

### Specialised ###

  let
    constructor N :E: Type
    constructor Z :R: N
    constructor S :R: (x :R: N) -> N
    constructor Vec :E: (_x0 :E: N) -> (_x1 :E: Type) -> Type
    constructor Nil :R: (a :E: Type) -> Vec -E- Z -E- a
    constructor Cons :R: (a :E: Type) -> (n :E: N) -> (x :R: a) -> (xs :R: Vec -E- n -E- a) -> Vec -E- (S -R- n) -E- a
    plus :E: (_x2 :E: N) -> (_x3 :E: N) -> N 
      n :E: N
        plus -E- Z -E- n = n
      m :E: N n :E: N
        plus -E- (S -R- m) -E- n = S -R- (plus -E- m -E- n)
    append :R: (a :E: Type) -> (m :E: N) -> (n :E: N) -> (xs :R: Vec -E- m -E- a) -> (ys :R: Vec -E- n -E- a) -> Vec -E- (plus -E- m -E- n) -E- a 
      a :E: Type n :E: N ys :R: Vec -E- n -E- a
        append -E- a -E- [Z] -E- n -R- (Nil -E- [a]) -R- ys = ys
      a :E: Type m :E: N n :E: N x :R: a xs :R: Vec -E- m -E- a ys :R: Vec -E- n -E- a
        append -E- a -E- ([S] -R- m) -E- n -R- (Cons -E- [a] -E- [m] -R- x -R- xs) -R- ys = Cons -E- a -E- (plus -E- m -E- n) -R- x -R- (append -E- a -E- m -E- n -R- xs -R- ys)
    main :R: Vec -E- 1 -E- N = append -E- N -E- Z -E- 1 -R- (Nil -E- N) -R- (Cons -E- N -E- Z -R- 4 -R- (Nil -E- N))
  in main

### Final annotation ###

  let
    constructor N :E: Type
    constructor Z :R: N
    constructor S :R: (x :R: N) -> N
    constructor Vec :E: (_x0 :E: N) -> (_x1 :E: Type) -> Type
    constructor Nil :R: (a :E: Type) -> Vec -E- Z -E- a
    constructor Cons :R: (a :E: Type) -> (n :E: N) -> (x :R: a) -> (xs :R: Vec -E- n -E- a) -> Vec -E- (S -R- n) -E- a
    plus :E: (_x2 :E: N) -> (_x3 :E: N) -> N 
      n :E: N
        plus -E- Z -E- n = n
      m :E: N n :E: N
        plus -E- (S -R- m) -E- n = S -R- (plus -E- m -E- n)
    append :R: (a :E: Type) -> (m :E: N) -> (n :E: N) -> (xs :R: Vec -E- m -E- a) -> (ys :R: Vec -E- n -E- a) -> Vec -E- (plus -E- m -E- n) -E- a 
      a :E: Type n :E: N ys :R: Vec -E- n -E- a
        append -E- a -E- [Z] -E- n -R- (Nil -E- [a]) -R- ys = ys
      a :E: Type m :E: N n :E: N x :R: a xs :R: Vec -E- m -E- a ys :R: Vec -E- n -E- a
        append -E- a -E- ([S] -R- m) -E- n -R- (Cons -E- [a] -E- [m] -R- x -R- xs) -R- ys = Cons -E- a -E- (plus -E- m -E- n) -R- x -R- (append -E- a -E- m -E- n -R- xs -R- ys)
    main :R: Vec -E- 1 -E- N = append -E- N -E- Z -E- 1 -R- (Nil -E- N) -R- (Cons -E- N -E- Z -R- 4 -R- (Nil -E- N))
  in main

### Verification ###

Verification successful.

### Pruned ###

  let
    constructor Z : N
    constructor S : (x) -> N
    constructor Nil : Vec
    constructor Cons : (x) -> (xs) -> Vec
    append 
      append Nil ys = ys
      append (Cons x xs) ys = Cons x (append xs ys)
    main = append Nil (Cons 4 Nil)
  in main

### Intermediate representation ###

let Z = constructor 0
  in let S = constructor 1
    in let Nil = constructor 0
      in let Cons = constructor 2
        in let append = \_pv0. \_pv1.
          case _pv0 of
            Cons _pv2 _pv3 => ((Cons _pv2) ((append _pv3) _pv1))
            Nil => _pv1
          in let main = ((append Nil) ((Cons (S (S (S (S Z))))) Nil))
            in main

### Normal forms ###

unerased:
  
  let
    constructor N : Type
    constructor Z : N
    constructor S : (x :R: N) -> N
    constructor Vec : (_x0 : N) -> (_x1 : Type) -> Type
    constructor Nil : (a : Type) -> Vec Z a
    constructor Cons : (a : Type) -> (n : N) -> (x :R: a) -> (xs :R: Vec n a) -> Vec (S n) a
  in Cons N Z 4 (Nil N)

erased:
  
  let
    constructor Z : N
    constructor S : (x) -> N
    constructor Nil : Vec
    constructor Cons : (x) -> (xs) -> Vec
  in Cons 4 Nil

