-- vim: ft=ttstar

### Desugared ###

  let
    constructor Nat : Type
    constructor Z : Nat
    constructor S : (x :R: Nat) -> Nat
    plus : (_x0 : Nat) -> (_x1 : Nat) -> Nat 
      n : Nat
        [plus] Z n = n
      m : Nat n : Nat
        [plus] (S m) n = S (plus m n)
    times : (_x2 : Nat) -> (_x3 : Nat) -> Nat 
      n : Nat
        [times] Z n = Z
      m : Nat n : Nat
        [times] (S m) n = plus n (times m n)
    constructor Bool : Type
    constructor True : Bool
    constructor False : Bool
    not : (_x4 : Bool) -> Bool 
      [not] True = False
      [not] False = True
    constructor Unit : Type
    constructor MkUnit : Unit
    constructor Pair : (_x5 : Type) -> (_x6 : Type) -> Type
    constructor MkPair : (a : Type) -> (b : Type) -> (_x7 : a) -> (_x8 : b) -> Pair a b
    fst : (a : Type) -> (b : Type) -> (_x9 : Pair a b) -> a 
      a : Type b : Type x : a y : b
        [fst] a b ([MkPair] [a] [b] x y) = x
    snd : (a : Type) -> (b : Type) -> (_x10 : Pair a b) -> b 
      a : Type b : Type x : a y : b
        [snd] a b ([MkPair] [a] [b] x y) = y
    constructor Either : (_x11 : Type) -> (_x12 : Type) -> Type
    constructor Left : (a : Type) -> (b : Type) -> (_x13 : a) -> Either a b
    constructor Right : (a : Type) -> (b : Type) -> (_x14 : b) -> Either a b
    id : (a : Type) -> (x : a) -> a = (\a : Type. (\x : a. x))
    constructor Fin : (_x15 : Nat) -> Type
    constructor FZ : (n : Nat) -> Fin (S n)
    constructor FS : (n : Nat) -> (_x16 : Fin n) -> Fin (S n)
    constructor Vect : (_x17 : Nat) -> (_x18 : Type) -> Type
    constructor VN : (a : Type) -> Vect Z a
    constructor VC : (n : Nat) -> (a : Type) -> (x : a) -> (xs : Vect n a) -> Vect (S n) a
    f : (a : Type) -> (x : a) -> a 
      [f] [Bool] True = False
      [f] [Bool] False = True
      a : Type x : a
        [f] a x = x
    main : Nat = f Nat Z
  in main

### Evarified ###

  let
    constructor Nat :1: Type
    constructor Z :2: Nat
    constructor S :3: (x :R: Nat) -> Nat
    plus :4: (_x0 :5: Nat) -> (_x1 :6: Nat) -> Nat 
      n :7: Nat
        [plus] -9- Z -8- n = n
      m :10: Nat n :11: Nat
        [plus] -13- (S -14- m) -12- n = S -15- (plus -17- m -16- n)
    times :18: (_x2 :19: Nat) -> (_x3 :20: Nat) -> Nat 
      n :21: Nat
        [times] -23- Z -22- n = Z
      m :24: Nat n :25: Nat
        [times] -27- (S -28- m) -26- n = plus -30- n -29- (times -32- m -31- n)
    constructor Bool :33: Type
    constructor True :34: Bool
    constructor False :35: Bool
    not :36: (_x4 :37: Bool) -> Bool 
      [not] -38- True = False
      [not] -39- False = True
    constructor Unit :40: Type
    constructor MkUnit :41: Unit
    constructor Pair :42: (_x5 :43: Type) -> (_x6 :44: Type) -> Type
    constructor MkPair :45: (a :46: Type) -> (b :47: Type) -> (_x7 :48: a) -> (_x8 :49: b) -> Pair -51- a -50- b
    fst :52: (a :53: Type) -> (b :54: Type) -> (_x9 :55: Pair -57- a -56- b) -> a 
      a :58: Type b :59: Type x :60: a y :61: b
        [fst] -64- a -63- b -62- ([MkPair] -68- [a] -67- [b] -66- x -65- y) = x
    snd :69: (a :70: Type) -> (b :71: Type) -> (_x10 :72: Pair -74- a -73- b) -> b 
      a :75: Type b :76: Type x :77: a y :78: b
        [snd] -81- a -80- b -79- ([MkPair] -85- [a] -84- [b] -83- x -82- y) = y
    constructor Either :86: (_x11 :87: Type) -> (_x12 :88: Type) -> Type
    constructor Left :89: (a :90: Type) -> (b :91: Type) -> (_x13 :92: a) -> Either -94- a -93- b
    constructor Right :95: (a :96: Type) -> (b :97: Type) -> (_x14 :98: b) -> Either -100- a -99- b
    id :101: (a :102: Type) -> (x :103: a) -> a = (\a :104: Type. (\x :105: a. x))
    constructor Fin :106: (_x15 :107: Nat) -> Type
    constructor FZ :108: (n :109: Nat) -> Fin -110- (S -111- n)
    constructor FS :112: (n :113: Nat) -> (_x16 :114: Fin -115- n) -> Fin -116- (S -117- n)
    constructor Vect :118: (_x17 :119: Nat) -> (_x18 :120: Type) -> Type
    constructor VN :121: (a :122: Type) -> Vect -124- Z -123- a
    constructor VC :125: (n :126: Nat) -> (a :127: Type) -> (x :128: a) -> (xs :129: Vect -131- n -130- a) -> Vect -133- (S -134- n) -132- a
    f :135: (a :136: Type) -> (x :137: a) -> a 
      [f] -139- [Bool] -138- True = False
      [f] -141- [Bool] -140- False = True
      a :142: Type x :143: a
        [f] -145- a -144- x = x
    main :146: Nat = f -148- Nat -147- Z
  in main

### Constraints ###

[] -> [2,34,35,135,137,138,140,143,144,147,R]
[136] -> [139,141,145,148]
[139] -> [33,136,R]
[141] -> [33,136,R]
[142] -> [145]
[145] -> [136,R]
[148] -> [1,136]
[R] -> [146]

### Solution ###

[2,34,35,135,137,138,140,143,144,146,147,R]

### Annotated ###

  let
    constructor Nat :E: Type
    constructor Z :R: Nat
    constructor S :E: (x :R: Nat) -> Nat
    plus :E: (_x0 :E: Nat) -> (_x1 :E: Nat) -> Nat 
      n :E: Nat
        [plus] -E- Z -E- n = n
      m :E: Nat n :E: Nat
        [plus] -E- (S -E- m) -E- n = S -E- (plus -E- m -E- n)
    times :E: (_x2 :E: Nat) -> (_x3 :E: Nat) -> Nat 
      n :E: Nat
        [times] -E- Z -E- n = Z
      m :E: Nat n :E: Nat
        [times] -E- (S -E- m) -E- n = plus -E- n -E- (times -E- m -E- n)
    constructor Bool :E: Type
    constructor True :R: Bool
    constructor False :R: Bool
    not :E: (_x4 :E: Bool) -> Bool 
      [not] -E- True = False
      [not] -E- False = True
    constructor Unit :E: Type
    constructor MkUnit :E: Unit
    constructor Pair :E: (_x5 :E: Type) -> (_x6 :E: Type) -> Type
    constructor MkPair :E: (a :E: Type) -> (b :E: Type) -> (_x7 :E: a) -> (_x8 :E: b) -> Pair -E- a -E- b
    fst :E: (a :E: Type) -> (b :E: Type) -> (_x9 :E: Pair -E- a -E- b) -> a 
      a :E: Type b :E: Type x :E: a y :E: b
        [fst] -E- a -E- b -E- ([MkPair] -E- [a] -E- [b] -E- x -E- y) = x
    snd :E: (a :E: Type) -> (b :E: Type) -> (_x10 :E: Pair -E- a -E- b) -> b 
      a :E: Type b :E: Type x :E: a y :E: b
        [snd] -E- a -E- b -E- ([MkPair] -E- [a] -E- [b] -E- x -E- y) = y
    constructor Either :E: (_x11 :E: Type) -> (_x12 :E: Type) -> Type
    constructor Left :E: (a :E: Type) -> (b :E: Type) -> (_x13 :E: a) -> Either -E- a -E- b
    constructor Right :E: (a :E: Type) -> (b :E: Type) -> (_x14 :E: b) -> Either -E- a -E- b
    id :E: (a :E: Type) -> (x :E: a) -> a = (\a :E: Type. (\x :E: a. x))
    constructor Fin :E: (_x15 :E: Nat) -> Type
    constructor FZ :E: (n :E: Nat) -> Fin -E- (S -E- n)
    constructor FS :E: (n :E: Nat) -> (_x16 :E: Fin -E- n) -> Fin -E- (S -E- n)
    constructor Vect :E: (_x17 :E: Nat) -> (_x18 :E: Type) -> Type
    constructor VN :E: (a :E: Type) -> Vect -E- Z -E- a
    constructor VC :E: (n :E: Nat) -> (a :E: Type) -> (x :E: a) -> (xs :E: Vect -E- n -E- a) -> Vect -E- (S -E- n) -E- a
    f :R: (a :E: Type) -> (x :R: a) -> a 
      [f] -E- [Bool] -R- True = False
      [f] -E- [Bool] -R- False = True
      a :E: Type x :R: a
        [f] -E- a -R- x = x
    main :R: Nat = f -E- Nat -R- Z
  in main

### Specialised ###

  let
    constructor Nat :E: Type
    constructor Z :R: Nat
    constructor S :E: (x :R: Nat) -> Nat
    plus :E: (_x0 :E: Nat) -> (_x1 :E: Nat) -> Nat 
      n :E: Nat
        [plus] -E- Z -E- n = n
      m :E: Nat n :E: Nat
        [plus] -E- (S -E- m) -E- n = S -E- (plus -E- m -E- n)
    times :E: (_x2 :E: Nat) -> (_x3 :E: Nat) -> Nat 
      n :E: Nat
        [times] -E- Z -E- n = Z
      m :E: Nat n :E: Nat
        [times] -E- (S -E- m) -E- n = plus -E- n -E- (times -E- m -E- n)
    constructor Bool :E: Type
    constructor True :R: Bool
    constructor False :R: Bool
    not :E: (_x4 :E: Bool) -> Bool 
      [not] -E- True = False
      [not] -E- False = True
    constructor Unit :E: Type
    constructor MkUnit :E: Unit
    constructor Pair :E: (_x5 :E: Type) -> (_x6 :E: Type) -> Type
    constructor MkPair :E: (a :E: Type) -> (b :E: Type) -> (_x7 :E: a) -> (_x8 :E: b) -> Pair -E- a -E- b
    fst :E: (a :E: Type) -> (b :E: Type) -> (_x9 :E: Pair -E- a -E- b) -> a 
      a :E: Type b :E: Type x :E: a y :E: b
        [fst] -E- a -E- b -E- ([MkPair] -E- [a] -E- [b] -E- x -E- y) = x
    snd :E: (a :E: Type) -> (b :E: Type) -> (_x10 :E: Pair -E- a -E- b) -> b 
      a :E: Type b :E: Type x :E: a y :E: b
        [snd] -E- a -E- b -E- ([MkPair] -E- [a] -E- [b] -E- x -E- y) = y
    constructor Either :E: (_x11 :E: Type) -> (_x12 :E: Type) -> Type
    constructor Left :E: (a :E: Type) -> (b :E: Type) -> (_x13 :E: a) -> Either -E- a -E- b
    constructor Right :E: (a :E: Type) -> (b :E: Type) -> (_x14 :E: b) -> Either -E- a -E- b
    id :E: (a :E: Type) -> (x :E: a) -> a = (\a :E: Type. (\x :E: a. x))
    constructor Fin :E: (_x15 :E: Nat) -> Type
    constructor FZ :E: (n :E: Nat) -> Fin -E- (S -E- n)
    constructor FS :E: (n :E: Nat) -> (_x16 :E: Fin -E- n) -> Fin -E- (S -E- n)
    constructor Vect :E: (_x17 :E: Nat) -> (_x18 :E: Type) -> Type
    constructor VN :E: (a :E: Type) -> Vect -E- Z -E- a
    constructor VC :E: (n :E: Nat) -> (a :E: Type) -> (x :E: a) -> (xs :E: Vect -E- n -E- a) -> Vect -E- (S -E- n) -E- a
    f :R: (a :E: Type) -> (x :R: a) -> a 
      [f] -E- [Bool] -R- True = False
      [f] -E- [Bool] -R- False = True
      a :E: Type x :R: a
        [f] -E- a -R- x = x
    main :R: Nat = f -E- Nat -R- Z
  in main

### Final annotation ###

  let
    constructor Nat :E: Type
    constructor Z :R: Nat
    constructor S :E: (x :R: Nat) -> Nat
    plus :E: (_x0 :E: Nat) -> (_x1 :E: Nat) -> Nat 
      n :E: Nat
        [plus] -E- Z -E- n = n
      m :E: Nat n :E: Nat
        [plus] -E- (S -E- m) -E- n = S -E- (plus -E- m -E- n)
    times :E: (_x2 :E: Nat) -> (_x3 :E: Nat) -> Nat 
      n :E: Nat
        [times] -E- Z -E- n = Z
      m :E: Nat n :E: Nat
        [times] -E- (S -E- m) -E- n = plus -E- n -E- (times -E- m -E- n)
    constructor Bool :E: Type
    constructor True :R: Bool
    constructor False :R: Bool
    not :E: (_x4 :E: Bool) -> Bool 
      [not] -E- True = False
      [not] -E- False = True
    constructor Unit :E: Type
    constructor MkUnit :E: Unit
    constructor Pair :E: (_x5 :E: Type) -> (_x6 :E: Type) -> Type
    constructor MkPair :E: (a :E: Type) -> (b :E: Type) -> (_x7 :E: a) -> (_x8 :E: b) -> Pair -E- a -E- b
    fst :E: (a :E: Type) -> (b :E: Type) -> (_x9 :E: Pair -E- a -E- b) -> a 
      a :E: Type b :E: Type x :E: a y :E: b
        [fst] -E- a -E- b -E- ([MkPair] -E- [a] -E- [b] -E- x -E- y) = x
    snd :E: (a :E: Type) -> (b :E: Type) -> (_x10 :E: Pair -E- a -E- b) -> b 
      a :E: Type b :E: Type x :E: a y :E: b
        [snd] -E- a -E- b -E- ([MkPair] -E- [a] -E- [b] -E- x -E- y) = y
    constructor Either :E: (_x11 :E: Type) -> (_x12 :E: Type) -> Type
    constructor Left :E: (a :E: Type) -> (b :E: Type) -> (_x13 :E: a) -> Either -E- a -E- b
    constructor Right :E: (a :E: Type) -> (b :E: Type) -> (_x14 :E: b) -> Either -E- a -E- b
    id :E: (a :E: Type) -> (x :E: a) -> a = (\a :E: Type. (\x :E: a. x))
    constructor Fin :E: (_x15 :E: Nat) -> Type
    constructor FZ :E: (n :E: Nat) -> Fin -E- (S -E- n)
    constructor FS :E: (n :E: Nat) -> (_x16 :E: Fin -E- n) -> Fin -E- (S -E- n)
    constructor Vect :E: (_x17 :E: Nat) -> (_x18 :E: Type) -> Type
    constructor VN :E: (a :E: Type) -> Vect -E- Z -E- a
    constructor VC :E: (n :E: Nat) -> (a :E: Type) -> (x :E: a) -> (xs :E: Vect -E- n -E- a) -> Vect -E- (S -E- n) -E- a
    f :R: (a :E: Type) -> (x :R: a) -> a 
      [f] -E- [Bool] -R- True = False
      [f] -E- [Bool] -R- False = True
      a :E: Type x :R: a
        [f] -E- a -R- x = x
    main :R: Nat = f -E- Nat -R- Z
  in main

### Verification ###

Verification successful.

### Pruned ###

  let
    constructor Z : Nat
    constructor True : Bool
    constructor False : Bool
    f 
      [_] True = False
      [_] False = True
      [_] x = x
    main = f Z
  in main

### Intermediate representation ###

let Z = constructor 0
  in let True = constructor 0
    in let False = constructor 0
      in let f = \_pv0.
        case _pv0 of
          False => True
          True => False
          _ => _pv0
        in let main = (f Z)
          in main

### Normal forms ###

unerased:
  
  let
    constructor Nat : Type
    constructor Z : Nat
  in Z

erased:
  
  let constructor Z : Nat
  in Z

