-- vim: ft=agda

### Desugared ###

main :R: (x :E: Type) -> Type = (\x :E: Type. x)

### Metaified ###

main :R: (x :E: Type) -> Type = (\x :E: Type. x)

### Inferred definitions ###

postulate Type :R: Type

main :R: (x :E: Type) -> Type = (\x :E: Type. x) {- constraints apply -}
  [E] -> [E]


### Constraints ###

[E] -> [E]

### Solution ###

[R]

### Annotated ###

main :R: (x :E: Type) -> Type = (\x :E: Type. x)

### Specialised ###

main :R: (x :E: Type) -> Type = (\x :E: Type. x)

### Final annotation ###

main :R: (x :E: Type) -> Type = (\x :E: Type. x)

### Verification ###

Verification successful.

### Pruned ###

main = x

### Normal forms ###

unerased:
  (\x :E: Type. x)
erased:
