-- vim: ft=agda

### Desugared ###

  let main : (x#0 : Type) -> Type = (\x : Type. x)
  in main

### Metaified ###

  let main :1: (x#0 :2: Type) -> Type = (\x :3: Type. x)
  in main

### Constraints ###

[] -> [2,3,R]
[R] -> [1]

### Solution ###

[1,2,3,R]

### Annotated ###

  let main :R: (x#0 :R: Type) -> Type = (\x :R: Type. x)
  in main

### Specialised ###

  let main :R: (x#0 :R: Type) -> Type = (\x :R: Type. x)
  in main

### Final annotation ###

  let main :R: (x#0 :R: Type) -> Type = (\x :R: Type. x)
  in main

### Verification ###

Verification successful.

### Pruned ###

  let main = (\x. x)
  in main

### Normal forms ###

unerased:
  (\x : Type. x)

erased:
  (\x. x)

