-- vim: ft=agda

### Desugared ###

T : *

A : T

B : T

const_A : (x :: T) -> T
const_A = \_ :: T. A

apply : (f :: (x  -R-  -E-  T) -> T) -> (x  -R-  -E-  T) -> T
apply = \f :: (_ :: T) -> T. \x :: T. (f  x)

main  -R-  T
main = (apply  const_A  B)

### Metaified ###

T :?1: *

A :?2: T

B :?3: T

const_A :?4: (x :?6::?5: T) -> T
const_A = \_ :?8::?7: T. A

apply :?9: (f :?11::?10: (x :!R::!E: T) -> T) -> (x :!R::!E: T) -> T
apply = \f :?15::?12: (_ :?14::?13: T) -> T. \x :?17::?16: T. (f -?18-  -?19- x)

main :!R: T
main = (apply -?22-  -?23- const_A -?20-  -?21- B)

### Inferred definitions ###

A :?2: T
B :?3: T
T :?1: *
apply :?9: (f :?11::?10: (x :!R::!E: T) -> T) -> (x :!R::!E: T) -> T
  [] -> [?10,?12,?14,?17,?18,!R]
  [?11] -> [?15]
  [?13] -> [?16,?19,!E]
  [?15] -> [?11]
  [?16] -> [!E]
  [?19] -> [?13]
  [!E] -> [?13,?16]

const_A :?4: (x :?6::?5: T) -> T
  [] -> [?2,!R]
  [?5] -> [?7]
  [?6] -> [?8]
  [?7] -> [?5]
  [?8] -> [?6]

