-- vim: ft=agda

### Desugared ###

postulate Id : (A : Type) -> (_ : A) -> (_ : A) -> Type

postulate Refl : (A : Type) -> (x : A) -> Id A x x

subst : (A : Type) -> (P : (_ : A) -> Type) -> (x : A) -> (y : A) -> (eq : Id A x y) -> (px : P x) -> A 
  pat (A : Type) (P : (_ : A) -> Type) (x : A) (px : P x).
    subst A P x [x] (Refl A [x]) px = x

main  -R-  Type = Type

### Metaified ###

postulate Id :?1: (A :?2: Type) -> (_ :?3: A) -> (_ :?4: A) -> Type

postulate Refl :?5: (A :?6: Type) -> (x :?7: A) -> Id -?10- A -?9- x -?8- x

subst :?11: (A :?12: Type) -> (P :?13: (_ :?14: A) -> Type) -> (x :?15: A) -> (y :?16: A) -> (eq :?17: Id -?20- A -?19- x -?18- y) -> (px :?21: P -?22- x) -> A 
  pat (A :?23: Type) (P :?24: (_ :?25: A) -> Type) (x :?26: A) (px :?27: P -?28- x).
    subst -?34- A -?33- P -?32- x -?31- [x] -?30- (Refl -?36- A -?35- [x]) -?29- px = x

main :!R: Type = Type

### Inferred definitions ###

postulate Id :?1: (A :?2: Type) -> (_ :?3: A) -> (_ :?4: A) -> Type

postulate Refl :?5: (A :?6: Type) -> (x :?7: A) -> Id -?10- A -?9- x -?8- x

postulate Type :!R: Type

main :!R: Type = Type

subst :?11: (A :?12: Type) -> (P :?13: (_ :?14: A) -> Type) -> (x :?15: A) -> (y :?16: A) -> (eq :?17: Id -?20- A -?19- x -?18- y) -> (px :?21: P -?22- x) -> A 
  pat (A :?23: Type) (P :?24: (_ :?25: A) -> Type) (x :?26: A) (px :?27: P -?28- x).
    subst -?34- A -?33- P -?32- x -?31- [x] -?30- (Refl -?36- A -?35- [x]) -?29- px = x
  [] -> [?15,?26,?32,!R]
  [?5] -> [?17]
  [?6] -> [?17,?36]
  [?7] -> [?17,?35]
  [?8] -> [?18]
  [?9] -> [?19]
  [?10] -> [?20]
  [?12] -> [?34]
  [?13] -> [?33]
  [?14] -> [?25]
  [?16] -> [?31]
  [?17] -> [?30]
  [?18] -> [?8]
  [?19] -> [?9]
  [?20] -> [?10]
  [?21] -> [?29]
  [?22] -> [?28]
  [?23] -> [?6,?12,?17]
  [?24] -> [?13]
  [?25] -> [?14]
  [?27] -> [?21]
  [?28] -> [?22]
  [?29] -> [?21]
  [?30] -> [?17]
  [?31] -> [?16]
  [?33] -> [?13]
  [?34] -> [?12]
  [?35] -> [?7,?17]
  [?36] -> [?6,?17]


### Constraints ###

[] -> [?15,?26,?32,!R]
[?5] -> [?17]
[?6] -> [?17,?36]
[?7] -> [?17,?35]
[?8] -> [?18]
[?9] -> [?19]
[?10] -> [?20]
[?12] -> [?34]
[?13] -> [?33]
[?14] -> [?25]
[?16] -> [?31]
[?17] -> [?30]
[?18] -> [?8]
[?19] -> [?9]
[?20] -> [?10]
[?21] -> [?29]
[?22] -> [?28]
[?23] -> [?6,?12,?17]
[?24] -> [?13]
[?25] -> [?14]
[?27] -> [?21]
[?28] -> [?22]
[?29] -> [?21]
[?30] -> [?17]
[?31] -> [?16]
[?33] -> [?13]
[?34] -> [?12]
[?35] -> [?7,?17]
[?36] -> [?6,?17]

### Solution ###

[?15,?26,?32,!R]

### Annotated ###

postulate Id :E: (A :E: Type) -> (_ :E: A) -> (_ :E: A) -> Type

postulate Refl :E: (A :E: Type) -> (x :E: A) -> Id -E- A -E- x -E- x

subst :E: (A :E: Type) -> (P :E: (_ :E: A) -> Type) -> (x :R: A) -> (y :E: A) -> (eq :E: Id -E- A -E- x -E- y) -> (px :E: P -E- x) -> A 
  pat (A :E: Type) (P :E: (_ :E: A) -> Type) (x :R: A) (px :E: P -E- x).
    subst -E- A -E- P -R- x -E- [x] -E- (Refl -E- A -E- [x]) -E- px = x

main :R: Type = Type

### Specialised ###

postulate Id :!E: (A :!E: Type) -> (_ :!E: A) -> (_ :!E: A) -> Type

postulate Refl :!E: (A :!E: Type) -> (x :!E: A) -> Id -!E- A -!E- x -!E- x

subst :!E: (A :!E: Type) -> (P :!E: (_ :!E: A) -> Type) -> (x :!R: A) -> (y :!E: A) -> (eq :!E: Id -!E- A -!E- x -!E- y) -> (px :!E: P -!E- x) -> A 
  pat (A :!E: Type) (P :!E: (_ :!E: A) -> Type) (x :!R: A) (px :!E: P -!E- x).
    subst -!E- A -!E- P -!R- x -!E- [x] -!E- (Refl -!E- A -!E- [x]) -!E- px = x

main :!R: Type = Type

### Final annotation ###

postulate Id :E: (A :E: Type) -> (_ :E: A) -> (_ :E: A) -> Type

postulate Refl :E: (A :E: Type) -> (x :E: A) -> Id -E- A -E- x -E- x

subst :E: (A :E: Type) -> (P :E: (_ :E: A) -> Type) -> (x :R: A) -> (y :E: A) -> (eq :E: Id -E- A -E- x -E- y) -> (px :E: P -E- x) -> A 
  pat (A :E: Type) (P :E: (_ :E: A) -> Type) (x :R: A) (px :E: P -E- x).
    subst -E- A -E- P -R- x -E- [x] -E- (Refl -E- A -E- [x]) -E- px = x

main :R: Type = Type

### Verification ###

Verification successful.

### Pruned ###

main = Type

### Normal forms ###

unerased:
  Type
erased:
  Type
