-- vim: ft=agda

### Desugared ###

main  -R-  (x :: *) -> *
main = \x :: *. x

### Metaified ###

main :!R: (x :?1::?2: *) -> *
main = \x :?3::?4: *. x

### Inferred definitions ###

main :!R: (x :?1::?2: *) -> *
  [] -> [?1,?3,!R]
  [?2] -> [?4]
  [?4] -> [?2]


### Constraints ###

[] -> [?1,?3,!R]
[?2] -> [?4]
[?4] -> [?2]

### Solution ###

[?1,?3,!R]

### Annotated ###

main :R: (x :R::E: *) -> *
main = \x :R::E: *. x

### Pruned ###

main = \x. x

### Normal forms ###

unerased:
  \x :: *. x
erased:
  \x. x
