-- vim: ft=ttstar

### Desugared ###

  let
    constructor TyEq : (_x0 : Type) -> (_x1 : Type) -> Type
    constructor Refl : (a : Type) -> TyEq a a
    coerce : (a : Type) -> (b : Type) -> (_x2 : TyEq a b) -> (_x3 : a) -> b 
      a : Type
        [coerce] a [a] ([Refl] [a]) = (\x : a. x)
    sym : (a : Type) -> (b : Type) -> (_x4 : TyEq a b) -> TyEq b a 
      a : Type
        [sym] a [a] ([Refl] [a]) = Refl a
    loopy : (a : Type) -> (b : Type) -> (_x5 : TyEq a (_x6 : a) -> b) -> b 
      a : Type b : Type pf : TyEq a (_x7 : a) -> b
        [loopy] a b pf = 
          let w : (_x8 : a) -> b = (\x : a. coerce a (y : a) -> b pf x x)
          in w (coerce (_x9 : a) -> b a (sym a (_x10 : a) -> b pf) w)
    main : (_x11 : TyEq Type (_x12 : Type) -> Type) -> Type = loopy Type Type
  in main

### Evarified ###

  let
    constructor TyEq :1: (_x0 :2: Type) -> (_x1 :3: Type) -> Type
    constructor Refl :4: (a :5: Type) -> TyEq -7- a -6- a
    coerce :8: (a :9: Type) -> (b :10: Type) -> (_x2 :11: TyEq -13- a -12- b) -> (_x3 :14: a) -> b 
      a :15: Type
        [coerce] -18- a -17- [a] -16- ([Refl] -19- [a]) = (\x :20: a. x)
    sym :21: (a :22: Type) -> (b :23: Type) -> (_x4 :24: TyEq -26- a -25- b) -> TyEq -28- b -27- a 
      a :29: Type
        [sym] -32- a -31- [a] -30- ([Refl] -33- [a]) = Refl -34- a
    loopy :35: (a :36: Type) -> (b :37: Type) -> (_x5 :38: TyEq -40- a -39- (_x6 :41: a) -> b) -> b 
      a :42: Type b :43: Type pf :44: TyEq -46- a -45- (_x7 :47: a) -> b
        [loopy] -50- a -49- b -48- pf = 
          let w :51: (_x8 :52: a) -> b = (\x :53: a. coerce -58- a -57- (y :59: a) -> b -56- pf -55- x -54- x)
          in w -60- (coerce -64- (_x9 :65: a) -> b -63- a -62- (sym -68- a -67- (_x10 :69: a) -> b -66- pf) -61- w)
    main :70: (_x11 :71: TyEq -73- Type -72- (_x12 :74: Type) -> Type) -> Type = loopy -76- Type -75- Type
  in main

### Constraints ###

[] -> [8,14,20,35,51,52,53,55,60,61,65,R]
[5,16] -> [19]
[5,30,62] -> [33]
[5,62] -> [34]
[6,16] -> [12]
[6,30,62] -> [25]
[6,62] -> [27]
[7,16] -> [13]
[7,30,62] -> [26]
[7,62] -> [28]
[9] -> [18,58,64]
[10] -> [17,57,63]
[11] -> [16,56,62]
[12,16] -> [6]
[12,56] -> [45]
[12,62] -> [27]
[13,16] -> [7]
[13,56] -> [46]
[13,62] -> [28]
[15] -> [18]
[16] -> [4,11,R]
[16,19] -> [5]
[17] -> [10,15,R]
[18] -> [9,R]
[19] -> [15,16]
[22,62] -> [32,68]
[23,62] -> [31,67]
[24,62] -> [30,66]
[25,30,62] -> [6]
[25,62,66] -> [45]
[26,30,62] -> [7]
[26,62,66] -> [46]
[27,62] -> [6,12]
[28,62] -> [7,13,69]
[28,62,69] -> [65]
[29,62] -> [32]
[30,33,62] -> [5]
[30,62] -> [4,24,R]
[31,62] -> [23,29,R]
[32,62] -> [22,R]
[33,62] -> [29,30]
[34,62] -> [5,29]
[36] -> [50,76]
[37] -> [49,75]
[38] -> [48,71]
[39,48] -> [45]
[39,71] -> [72]
[40,48] -> [46]
[40,71] -> [73]
[41,45,48] -> [47]
[41,71,72] -> [74]
[42] -> [50]
[43] -> [49]
[44] -> [48]
[45,47,48] -> [41]
[45,47,56] -> [59]
[45,47,62,66] -> [69]
[45,48] -> [39]
[45,56] -> [12]
[45,56,59] -> [47]
[45,62,66] -> [25]
[45,62,66,69] -> [47]
[46,48] -> [40]
[46,56] -> [13]
[46,62,66] -> [26]
[48] -> [38,R]
[49] -> [37,R]
[50] -> [36,R]
[54] -> [53,59]
[56] -> [11,44]
[57] -> [10,43]
[58] -> [9,42]
[59] -> [54]
[62] -> [4,11,21,R]
[62,66] -> [24,44]
[62,67] -> [23,43]
[62,68] -> [22,42]
[63] -> [10,42]
[64] -> [9,43]
[71] -> [38]
[71,72] -> [39]
[71,72,74] -> [41]
[71,73] -> [40]
[75] -> [37,R]
[76] -> [36,R]
[R] -> [70]

### Solution ###

[8,14,20,35,51,52,53,55,60,61,65,70,R]

### Annotated ###

  let
    constructor TyEq :E: (_x0 :E: Type) -> (_x1 :E: Type) -> Type
    constructor Refl :E: (a :E: Type) -> TyEq -E- a -E- a
    coerce :R: (a :E: Type) -> (b :E: Type) -> (_x2 :E: TyEq -E- a -E- b) -> (_x3 :R: a) -> b 
      a :E: Type
        [coerce] -E- a -E- [a] -E- ([Refl] -E- [a]) = (\x :R: a. x)
    sym :E: (a :E: Type) -> (b :E: Type) -> (_x4 :E: TyEq -E- a -E- b) -> TyEq -E- b -E- a 
      a :E: Type
        [sym] -E- a -E- [a] -E- ([Refl] -E- [a]) = Refl -E- a
    loopy :R: (a :E: Type) -> (b :E: Type) -> (_x5 :E: TyEq -E- a -E- (_x6 :E: a) -> b) -> b 
      a :E: Type b :E: Type pf :E: TyEq -E- a -E- (_x7 :E: a) -> b
        [loopy] -E- a -E- b -E- pf = 
          let w :R: (_x8 :R: a) -> b = (\x :R: a. coerce -E- a -E- (y :E: a) -> b -E- pf -R- x -E- x)
          in w -R- (coerce -E- (_x9 :R: a) -> b -E- a -E- (sym -E- a -E- (_x10 :E: a) -> b -E- pf) -R- w)
    main :R: (_x11 :E: TyEq -E- Type -E- (_x12 :E: Type) -> Type) -> Type = loopy -E- Type -E- Type
  in main

### Specialised ###

  let
    constructor TyEq :E: (_x0 :E: Type) -> (_x1 :E: Type) -> Type
    constructor Refl :E: (a :E: Type) -> TyEq -E- a -E- a
    coerce :R: (a :E: Type) -> (b :E: Type) -> (_x2 :E: TyEq -E- a -E- b) -> (_x3 :R: a) -> b 
      a :E: Type
        [coerce] -E- a -E- [a] -E- ([Refl] -E- [a]) = (\x :R: a. x)
    sym :E: (a :E: Type) -> (b :E: Type) -> (_x4 :E: TyEq -E- a -E- b) -> TyEq -E- b -E- a 
      a :E: Type
        [sym] -E- a -E- [a] -E- ([Refl] -E- [a]) = Refl -E- a
    loopy :R: (a :E: Type) -> (b :E: Type) -> (_x5 :E: TyEq -E- a -E- (_x6 :E: a) -> b) -> b 
      a :E: Type b :E: Type pf :E: TyEq -E- a -E- (_x7 :E: a) -> b
        [loopy] -E- a -E- b -E- pf = 
          let w :R: (_x8 :R: a) -> b = (\x :R: a. coerce -E- a -E- (y :E: a) -> b -E- pf -R- x -E- x)
          in w -R- (coerce -E- (_x9 :R: a) -> b -E- a -E- (sym -E- a -E- (_x10 :E: a) -> b -E- pf) -R- w)
    main :R: (_x11 :E: TyEq -E- Type -E- (_x12 :E: Type) -> Type) -> Type = loopy -E- Type -E- Type
  in main

### Final annotation ###

  let
    constructor TyEq :E: (_x0 :E: Type) -> (_x1 :E: Type) -> Type
    constructor Refl :E: (a :E: Type) -> TyEq -E- a -E- a
    coerce :R: (a :E: Type) -> (b :E: Type) -> (_x2 :E: TyEq -E- a -E- b) -> (_x3 :R: a) -> b 
      a :E: Type
        [coerce] -E- a -E- [a] -E- ([Refl] -E- [a]) = (\x :R: a. x)
    sym :E: (a :E: Type) -> (b :E: Type) -> (_x4 :E: TyEq -E- a -E- b) -> TyEq -E- b -E- a 
      a :E: Type
        [sym] -E- a -E- [a] -E- ([Refl] -E- [a]) = Refl -E- a
    loopy :R: (a :E: Type) -> (b :E: Type) -> (_x5 :E: TyEq -E- a -E- (_x6 :E: a) -> b) -> b 
      a :E: Type b :E: Type pf :E: TyEq -E- a -E- (_x7 :E: a) -> b
        [loopy] -E- a -E- b -E- pf = 
          let w :R: (_x8 :R: a) -> b = (\x :R: a. coerce -E- a -E- (y :E: a) -> b -E- pf -R- x -E- x)
          in w -R- (coerce -E- (_x9 :R: a) -> b -E- a -E- (sym -E- a -E- (_x10 :E: a) -> b -E- pf) -R- w)
    main :R: (_x11 :E: TyEq -E- Type -E- (_x12 :E: Type) -> Type) -> Type = loopy -E- Type -E- Type
  in main

### Verification ###

Verification successful.

### Pruned ###

  let
    coerce = (\x. x)
    loopy = 
      let w = (\x. coerce x)
      in w (coerce w)
    main = loopy
  in main

### Intermediate representation ###

let coerce = \x. x
  in let loopy = let w = \x. (coerce x)
    in (w (coerce w))
    in let main = loopy
      in main

### Normal forms ###

unerased:
  
  let
    constructor TyEq : (_x0 : Type) -> (_x1 : Type) -> Type
    constructor Refl : (a : Type) -> TyEq a a
    coerce : (a : Type) -> (b : Type) -> (_x2 : TyEq a b) -> (_x3 : a) -> b 
      a : Type
        [coerce] a [a] ([Refl] [a]) = (\x : a. x)
    sym : (a : Type) -> (b : Type) -> (_x4 : TyEq a b) -> TyEq b a 
      a : Type
        [sym] a [a] ([Refl] [a]) = Refl a
    loopy : (a : Type) -> (b : Type) -> (_x5 : TyEq a (_x6 : a) -> b) -> b 
      a : Type b : Type pf : TyEq a (_x7 : a) -> b
        [loopy] a b pf = 
          let w : (_x8 : a) -> b = (\x : a. coerce a (y : a) -> b pf x x)
          in w (coerce (_x9 : a) -> b a (sym a (_x10 : a) -> b pf) w)
  in loopy Type Type

erased:
  (\x. x)

