-- vim: ft=ttstar

### Desugared ###

  let
    constructor B : Type
    constructor T : B
    constructor F : B
    constructor K : Type
    constructor P : (_x0 : B) -> K
    constructor Q : (_x1 : B) -> K
    f : (_x2 : K) -> (_x3 : B) -> K 
      c : (_x4 : B) -> K x : B
        f (c x) = c
    main : (_x5 : B) -> K = f (P T)
  in main

### Evarified ###

  let
    constructor B :1: Type
    constructor T :2: B
    constructor F :3: B
    constructor K :4: Type
    constructor P :5: (_x0 :6: B) -> K
    constructor Q :7: (_x1 :8: B) -> K
    f :9: (_x2 :10: K) -> (_x3 :11: B) -> K 
      c :12: (_x4 :13: B) -> K x :14: B
        f -15- (c -16- x) = c
    main :17: (_x5 :18: B) -> K = f -19- (P -20- T)
  in main

### Constraints ###

[6] -> [20]
[9] -> [9,12]
[9,15] -> [12]
[9,15,16] -> [14]
[10] -> [15,19]
[11] -> [13,18]
[12] -> [9,15]
[13] -> [11,16]
[14] -> [9,15,16]
[15] -> [10]
[16] -> [13]
[17] -> [9]
[17,19] -> [5]
[17,19,20] -> [2]
[18] -> [11]
[19] -> [10]
[20] -> [6]
[E] -> [1,4,R]
[R] -> [17]

### Solution ###

[5,9,10,12,15,17,19,R]

### Annotated ###

  let
    constructor B :E: Type
    constructor T :E: B
    constructor F :E: B
    constructor K :E: Type
    constructor P :R: (_x0 :E: B) -> K
    constructor Q :E: (_x1 :E: B) -> K
    f :R: (_x2 :R: K) -> (_x3 :E: B) -> K 
      c :R: (_x4 :E: B) -> K x :E: B
        f -R- (c -E- x) = c
    main :R: (_x5 :E: B) -> K = f -R- (P -E- T)
  in main

### Specialised ###

  let
    constructor B :E: Type
    constructor T :E: B
    constructor F :E: B
    constructor K :E: Type
    constructor P :R: (_x0 :E: B) -> K
    constructor Q :E: (_x1 :E: B) -> K
    f :R: (_x2 :R: K) -> (_x3 :E: B) -> K 
      c :R: (_x4 :E: B) -> K x :E: B
        f -R- (c -E- x) = c
    main :R: (_x5 :E: B) -> K = f -R- (P -E- T)
  in main

### Final annotation ###

  let
    constructor B :E: Type
    constructor T :E: B
    constructor F :E: B
    constructor K :E: Type
    constructor P :R: (_x0 :E: B) -> K
    constructor Q :E: (_x1 :E: B) -> K
    f :R: (_x2 :R: K) -> (_x3 :E: B) -> K 
      c :R: (_x4 :E: B) -> K x :E: B
        f -R- (c -E- x) = c
    main :R: (_x5 :E: B) -> K = f -R- (P -E- T)
  in main

### Verification ###

ttstar: !! verification failed: Traceback:
1. In context:
  Type :R: Type

("LET",R,[constructor B :E: Type,constructor T :E: B,constructor F :E: B,constructor K :E: Type,constructor P :R: (_x0 :E: B) -> K,constructor Q :E: (_x1 :E: B) -> K,f :R: (_x2 :R: K) -> (_x3 :E: B) -> K 
  c :R: (_x4 :E: B) -> K x :E: B
    f -R- (c -E- x) = c,main :R: (_x5 :E: B) -> K = f -R- (P -E- T)])

2. In context:
  B :E: Type
  F :E: B
  K :E: Type
  P :R: (_x0 :E: B) -> K
  Q :E: (_x1 :E: B) -> K
  T :E: B
  Type :R: Type
  f :R: (_x2 :R: K) -> (_x3 :E: B) -> K

("DEF-CLAUSES",f)

3. In context:
  B :E: Type
  F :E: B
  K :E: Type
  P :R: (_x0 :E: B) -> K
  Q :E: (_x1 :E: B) -> K
  T :E: B
  Type :R: Type
  f :R: (_x2 :R: K) -> (_x3 :E: B) -> K

("CLAUSE",PApp R (PHead f) (PApp E (PV c) (PV x)))

4. In context:
  B :E: Type
  F :E: B
  K :E: Type
  P :R: (_x0 :E: B) -> K
  Q :E: (_x1 :E: B) -> K
  T :E: B
  Type :R: Type
  f :R: (_x2 :R: K) -> (_x3 :E: B) -> K

("PAT-APP",True,R,R,PHead f,PApp E (PV c) (PV x))

5. In context:
  B :E: Type
  F :E: B
  K :E: Type
  P :R: (_x0 :E: B) -> K
  Q :E: (_x1 :E: B) -> K
  T :E: B
  Type :R: Type
  f :R: (_x2 :R: K) -> (_x3 :E: B) -> K

("PAT-APP",False,R,E,PV c,PV x)

Error: BadPatAppHead (PV c)

CallStack (from HasCallStack):
  error, called at Main.hs:159:25 in main:Main
