-- vim: ft=ttstar

### Desugared ###

  let
    constructor Bool : Type
    constructor T : Bool
    constructor F : Bool
    g : (_x0 : Bool) -> Bool 
      g T = 
        let h : (_x1 : Bool) -> Bool 
          h F = g F
          h T = T
        in h F
      g F = T
    main : Bool = g T
  in main

### Elaborated ###

  let
    constructor Bool : Type
    constructor T : Bool
    constructor F : Bool
    g : (_x0 : Bool) -> Bool 
      g T = 
        let h : (_x1 : Bool) -> Bool 
          h F = g F
          h T = T
        in h F
      g F = T
    main : Bool = g T
  in main

### Evarified ###

  let
    constructor Bool :1: Type
    constructor T :2: Bool
    constructor F :3: Bool
    g :4: (_x0 :5: Bool) -> Bool 
      g -6- T = 
        let h :7: (_x1 :8: Bool) -> Bool 
          h -9- F = g -10- F
          h -11- T = T
        in h -12- F
      g -13- F = T
    main :14: Bool = g -15- T
  in main

### Constraints ###

[] -> [14]
[4] -> [2,3,6,7,13]
[4,12] -> [3]
[5] -> [6,10,13,15]
[6] -> [5]
[7] -> [2,3,4,9,11]
[7,10] -> [3]
[8] -> [9,11,12]
[9] -> [8]
[10] -> [5]
[11] -> [8]
[12] -> [8]
[13] -> [5]
[14] -> [4]
[14,15] -> [2]
[15] -> [5]

### Solution ###

[2,3,4,5,6,7,8,9,10,11,12,13,14,15,R]

### Annotated ###

  let
    constructor Bool :E: Type
    constructor T :R: Bool
    constructor F :R: Bool
    g :R: (_x0 :R: Bool) -> Bool 
      g -R- T = 
        let h :R: (_x1 :R: Bool) -> Bool 
          h -R- F = g -R- F
          h -R- T = T
        in h -R- F
      g -R- F = T
    main :R: Bool = g -R- T
  in main

### Specialised ###

  let
    constructor Bool :E: Type
    constructor T :R: Bool
    constructor F :R: Bool
    g :R: (_x0 :R: Bool) -> Bool 
      g -R- T = 
        let h :R: (_x1 :R: Bool) -> Bool 
          h -R- F = g -R- F
          h -R- T = T
        in h -R- F
      g -R- F = T
    main :R: Bool = g -R- T
  in main

### Final annotation ###

  let
    constructor Bool :E: Type
    constructor T :R: Bool
    constructor F :R: Bool
    g :R: (_x0 :R: Bool) -> Bool 
      g -R- T = 
        let h :R: (_x1 :R: Bool) -> Bool 
          h -R- F = g -R- F
          h -R- T = T
        in h -R- F
      g -R- F = T
    main :R: Bool = g -R- T
  in main

### Verification ###

Verification successful.

### Pruned ###

  let
    constructor T : Bool
    constructor F : Bool
    g 
      g T = 
        let h 
          h F = g F
          h T = T
        in h F
      g F = T
    main = g T
  in main

### Intermediate representation ###

let T = constructor 0
  in let F = constructor 0
    in let g = \_pv0.
      case _pv0 of
        F => T
        T => let h = \_pv1.
          case _pv1 of
            F => (g F)
            T => T
          in (h F)
      in let main = (g T)
        in main

### Normal forms ###

unerased:
  
  let
    constructor Bool : Type
    constructor T : Bool
  in T

erased:
  
  let constructor T : Bool
  in T

