-- vim: ft=ttstar

### Desugared ###

  let
    constructor N : Type
    constructor Z : N
    constructor S : (x :R: N) -> N
    constructor B : Type
    constructor T : B
    constructor F : B
    constructor List : Type
    constructor Cons : (_x0 : B) -> (_x1 : List) -> List
    constructor Nil : List
    not : (_x2 : B) -> B 
      [not] T = F
      [not] F = T
    foreign input : N
    genList : (_x3 : B) -> (_x4 : N) -> List 
      b : B
        [genList] b Z = Nil
      b : B n : N
        [genList] b (S n) = Cons b (genList (not b) n)
    constructor Eq : (a : Type) -> (_x5 : a) -> (_x6 : a) -> Type
    constructor Refl : (a : Type) -> (x : a) -> Eq a x x
    constructor Maybe : (_x7 : Type) -> Type
    constructor Nothing : (a : Type) -> Maybe a
    constructor Just : (a : Type) -> (x : a) -> Maybe a
    semiDecEqB : (x : B) -> (y : B) -> Maybe (Eq B x y) 
      [semiDecEqB] T T = Just (Eq B T T) (Refl B T)
      [semiDecEqB] F F = Just (Eq B F F) (Refl B F)
      [semiDecEqB] T F = Nothing (Eq B T F)
      [semiDecEqB] F T = Nothing (Eq B F T)
    semiDecEq : (xs : List) -> (ys : List) -> Maybe (Eq List xs ys) 
      b : B ys : List
        [semiDecEq] Nil (Cons b ys) = Nothing (Eq List Nil (Cons b ys))
      b : B xs : List
        [semiDecEq] (Cons b xs) Nil = Nothing (Eq List (Cons b xs) Nil)
      [semiDecEq] Nil Nil = Just (Eq List Nil Nil) (Refl List Nil)
      x : B y : B xs : List ys : List
        [semiDecEq] (Cons x xs) (Cons y ys) = 
          let semiDecEq' : (x : B) -> (y : B) -> (xs : List) -> (ys : List) -> (pfH : Maybe (Eq B x y)) -> (pfT : Maybe (Eq List xs ys)) -> Maybe (Eq List (Cons x xs) (Cons y ys)) 
            x : B y : B xs : List ys : List pfT : Maybe (Eq List xs ys)
              [semiDecEq'] x y xs ys (Nothing [Eq B x y]) pfT = Nothing (Eq List (Cons x xs) (Cons y ys))
            x : B y : B xs : List ys : List pfH : Maybe (Eq B x y)
              [semiDecEq'] x y xs ys pfH (Nothing [Eq List xs ys]) = Nothing (Eq List (Cons x xs) (Cons y ys))
            x : B xs : List
              [semiDecEq'] x [x] xs [xs] (Just [Eq B x x] [Refl B x]) (Just [Eq List xs xs] [Refl List xs]) = Just (Eq List (Cons x xs) (Cons x xs)) (Refl List (Cons x xs))
          in semiDecEq' x y xs ys (semiDecEqB x y) (semiDecEq xs ys)
    sampleList : List = genList T input
    main : Maybe (Eq List sampleList sampleList) 
      [main] = semiDecEq sampleList sampleList
  in main

### Evarified ###

  let
    constructor N :1: Type
    constructor Z :2: N
    constructor S :3: (x :R: N) -> N
    constructor B :4: Type
    constructor T :5: B
    constructor F :6: B
    constructor List :7: Type
    constructor Cons :8: (_x0 :9: B) -> (_x1 :10: List) -> List
    constructor Nil :11: List
    not :12: (_x2 :13: B) -> B 
      [not] -14- T = F
      [not] -15- F = T
    foreign input :16: N
    genList :17: (_x3 :18: B) -> (_x4 :19: N) -> List 
      b :20: B
        [genList] -22- b -21- Z = Nil
      b :23: B n :24: N
        [genList] -26- b -25- (S -27- n) = Cons -29- b -28- (genList -31- (not -32- b) -30- n)
    constructor Eq :33: (a :34: Type) -> (_x5 :35: a) -> (_x6 :36: a) -> Type
    constructor Refl :37: (a :38: Type) -> (x :39: a) -> Eq -42- a -41- x -40- x
    constructor Maybe :43: (_x7 :44: Type) -> Type
    constructor Nothing :45: (a :46: Type) -> Maybe -47- a
    constructor Just :48: (a :49: Type) -> (x :50: a) -> Maybe -51- a
    semiDecEqB :52: (x :53: B) -> (y :54: B) -> Maybe -55- (Eq -58- B -57- x -56- y) 
      [semiDecEqB] -60- T -59- T = Just -62- (Eq -65- B -64- T -63- T) -61- (Refl -67- B -66- T)
      [semiDecEqB] -69- F -68- F = Just -71- (Eq -74- B -73- F -72- F) -70- (Refl -76- B -75- F)
      [semiDecEqB] -78- T -77- F = Nothing -79- (Eq -82- B -81- T -80- F)
      [semiDecEqB] -84- F -83- T = Nothing -85- (Eq -88- B -87- F -86- T)
    semiDecEq :89: (xs :90: List) -> (ys :91: List) -> Maybe -92- (Eq -95- List -94- xs -93- ys) 
      b :96: B ys :97: List
        [semiDecEq] -99- Nil -98- (Cons -101- b -100- ys) = Nothing -102- (Eq -105- List -104- Nil -103- (Cons -107- b -106- ys))
      b :108: B xs :109: List
        [semiDecEq] -111- (Cons -113- b -112- xs) -110- Nil = Nothing -114- (Eq -117- List -116- (Cons -119- b -118- xs) -115- Nil)
      [semiDecEq] -121- Nil -120- Nil = Just -123- (Eq -126- List -125- Nil -124- Nil) -122- (Refl -128- List -127- Nil)
      x :129: B y :130: B xs :131: List ys :132: List
        [semiDecEq] -134- (Cons -136- x -135- xs) -133- (Cons -138- y -137- ys) = 
          let semiDecEq' :139: (x :140: B) -> (y :141: B) -> (xs :142: List) -> (ys :143: List) -> (pfH :144: Maybe -145- (Eq -148- B -147- x -146- y)) -> (pfT :149: Maybe -150- (Eq -153- List -152- xs -151- ys)) -> Maybe -154- (Eq -157- List -156- (Cons -159- x -158- xs) -155- (Cons -161- y -160- ys)) 
            x :162: B y :163: B xs :164: List ys :165: List pfT :166: Maybe -167- (Eq -170- List -169- xs -168- ys)
              [semiDecEq'] -176- x -175- y -174- xs -173- ys -172- (Nothing -177- [Eq -180- B -179- x -178- y]) -171- pfT = Nothing -181- (Eq -184- List -183- (Cons -186- x -185- xs) -182- (Cons -188- y -187- ys))
            x :189: B y :190: B xs :191: List ys :192: List pfH :193: Maybe -194- (Eq -197- B -196- x -195- y)
              [semiDecEq'] -203- x -202- y -201- xs -200- ys -199- pfH -198- (Nothing -204- [Eq -207- List -206- xs -205- ys]) = Nothing -208- (Eq -211- List -210- (Cons -213- x -212- xs) -209- (Cons -215- y -214- ys))
            x :216: B xs :217: List
              [semiDecEq'] -223- x -222- [x] -221- xs -220- [xs] -219- (Just -225- [Eq -228- B -227- x -226- x] -224- [Refl -230- B -229- x]) -218- (Just -232- [Eq -235- List -234- xs -233- xs] -231- [Refl -237- List -236- xs]) = Just -239- (Eq -242- List -241- (Cons -244- x -243- xs) -240- (Cons -246- x -245- xs)) -238- (Refl -248- List -247- (Cons -250- x -249- xs))
          in semiDecEq' -256- x -255- y -254- xs -253- ys -252- (semiDecEqB -258- x -257- y) -251- (semiDecEq -260- xs -259- ys)
    sampleList :261: List = genList -263- T -262- input
    main :264: Maybe -265- (Eq -268- List -267- sampleList -266- sampleList) 
      [main] = semiDecEq -270- sampleList -269- sampleList
  in main

### Constraints ###

[] -> [2,3,5,6,8,9,10,11,12,13,14,15,16,17,18,19,21,22,23,24,25,26,27,28,29,30,31,32,45,48,52,53,54,59,60,68,69,77,78,83,84,89,90,91,98,99,100,101,110,111,112,113,120,121,129,130,131,132,133,134,135,136,137,138,139,144,149,171,172,198,199,218,219,251,252,257,258,259,260,261,262,263,264,269,270,R]
[20] -> [22]
[34,62] -> [65]
[34,71] -> [74]
[34,79] -> [82]
[34,85] -> [88]
[34,102] -> [105]
[34,114] -> [117]
[34,123] -> [126]
[34,177] -> [180]
[34,181] -> [184]
[34,204] -> [207]
[34,208] -> [211]
[34,225] -> [228]
[34,232] -> [235]
[34,239] -> [242]
[35,62] -> [64]
[35,71] -> [73]
[35,79] -> [81]
[35,85] -> [87]
[35,102] -> [104]
[35,114] -> [116]
[35,123] -> [125]
[35,177] -> [179]
[35,181] -> [183]
[35,204] -> [206]
[35,208] -> [210]
[35,225] -> [227]
[35,232] -> [234]
[35,239] -> [241]
[36,62] -> [63]
[36,71] -> [72]
[36,79] -> [80]
[36,85] -> [86]
[36,102] -> [103]
[36,114] -> [115]
[36,123] -> [124]
[36,177] -> [178]
[36,181] -> [182]
[36,204] -> [205]
[36,208] -> [209]
[36,225] -> [226]
[36,232] -> [233]
[36,239] -> [240]
[38,61] -> [67]
[38,70] -> [76]
[38,122] -> [128]
[38,224] -> [230]
[38,231] -> [237]
[38,238] -> [248]
[39,61] -> [66]
[39,70] -> [75]
[39,122] -> [127]
[39,224] -> [229]
[39,231] -> [236]
[39,238] -> [247]
[40,61] -> [63]
[40,70] -> [72]
[40,122] -> [124]
[40,224] -> [226]
[40,231] -> [233]
[40,238] -> [240]
[40,238,245] -> [249]
[40,238,246] -> [250]
[40,238,249] -> [245]
[40,238,250] -> [246]
[41,61] -> [64]
[41,70] -> [73]
[41,122] -> [125]
[41,224] -> [227]
[41,231] -> [234]
[41,238] -> [241]
[41,238,243] -> [249]
[41,238,244] -> [250]
[41,238,249] -> [243]
[41,238,250] -> [244]
[42,61] -> [65]
[42,70] -> [74]
[42,122] -> [126]
[42,224] -> [228]
[42,231] -> [235]
[42,238] -> [242]
[46] -> [79,85,102,114,177,181,204,208]
[47] -> [55,92,145,150,154]
[47,146] -> [178]
[47,147] -> [179]
[47,148] -> [180]
[47,151] -> [205]
[47,152] -> [206]
[47,153] -> [207]
[47,178] -> [146]
[47,179] -> [147]
[47,180] -> [148]
[47,205] -> [151]
[47,206] -> [152]
[47,207] -> [153]
[49] -> [62,71,123,225,232,239]
[50] -> [61,70,122,224,231,238]
[51] -> [55,92,145,150,154]
[51,146] -> [226]
[51,147] -> [227]
[51,148] -> [228]
[51,151] -> [233]
[51,152] -> [234]
[51,153] -> [235]
[51,226] -> [146]
[51,227] -> [147]
[51,228] -> [148]
[51,233] -> [151]
[51,234] -> [152]
[51,235] -> [153]
[55] -> [47,51,145]
[55,56] -> [63,72,80,86,146]
[55,57] -> [64,73,81,87,147]
[55,58] -> [65,74,82,88,148]
[55,63] -> [56]
[55,64] -> [57]
[55,65] -> [58]
[55,72] -> [56]
[55,73] -> [57]
[55,74] -> [58]
[55,80] -> [56]
[55,81] -> [57]
[55,82] -> [58]
[55,86] -> [56]
[55,87] -> [57]
[55,88] -> [58]
[55,146] -> [56]
[55,147] -> [57]
[55,148] -> [58]
[61] -> [37,50]
[61,63] -> [40]
[61,64] -> [41]
[61,65] -> [42]
[61,66] -> [5,39]
[61,67] -> [4,38]
[62] -> [33,49]
[62,63] -> [5,36]
[62,64] -> [5,35]
[62,65] -> [4,34]
[70] -> [37,50]
[70,72] -> [40]
[70,73] -> [41]
[70,74] -> [42]
[70,75] -> [6,39]
[70,76] -> [4,38]
[71] -> [33,49]
[71,72] -> [6,36]
[71,73] -> [6,35]
[71,74] -> [4,34]
[79] -> [33,46]
[79,80] -> [6,36]
[79,81] -> [5,35]
[79,82] -> [4,34]
[85] -> [33,46]
[85,86] -> [5,36]
[85,87] -> [6,35]
[85,88] -> [4,34]
[92] -> [47,51,150,154,265]
[92,93] -> [103,106,107,115,124,151,155,160,161]
[92,93,106] -> [100]
[92,93,107] -> [101]
[92,93,160] -> [137]
[92,93,161] -> [138]
[92,94] -> [104,116,118,119,125,152,156,158,159]
[92,94,118] -> [112]
[92,94,119] -> [113]
[92,94,158] -> [135]
[92,94,159] -> [136]
[92,95] -> [105,117,126,153,157]
[92,103] -> [93]
[92,104] -> [94]
[92,105] -> [95]
[92,115] -> [93]
[92,116] -> [94]
[92,117] -> [95]
[92,124] -> [93]
[92,125] -> [94]
[92,126] -> [95]
[92,151] -> [93]
[92,152] -> [94]
[92,153] -> [95]
[92,155] -> [93]
[92,156] -> [94]
[92,157] -> [95]
[93,265] -> [266]
[94,265] -> [267]
[95,265] -> [268]
[96] -> [101]
[97] -> [100]
[102] -> [33,46]
[102,103] -> [8,36,106,107]
[102,103,106] -> [10,97]
[102,103,107] -> [9,96]
[102,104] -> [11,35]
[102,105] -> [7,34]
[108] -> [113]
[109] -> [112]
[114] -> [33,46]
[114,115] -> [11,36]
[114,116] -> [8,35,118,119]
[114,116,118] -> [10,109]
[114,116,119] -> [9,108]
[114,117] -> [7,34]
[122] -> [37,50]
[122,124] -> [40]
[122,125] -> [41]
[122,126] -> [42]
[122,127] -> [11,39]
[122,128] -> [7,38]
[123] -> [33,49]
[123,124] -> [11,36]
[123,125] -> [11,35]
[123,126] -> [7,34]
[140] -> [176,203,223,256]
[141] -> [175,202,222,255]
[142] -> [174,201,221,254]
[143] -> [173,200,220,253]
[145] -> [47,51,55,194]
[146,194] -> [195]
[147,194] -> [196]
[148,194] -> [197]
[150] -> [47,51,92,167]
[151,167] -> [168]
[152,167] -> [169]
[153,167] -> [170]
[154] -> [47,51,92]
[154,155] -> [182,209,240]
[154,155,160] -> [187,214,245]
[154,155,161] -> [188,215,246]
[154,155,187] -> [160]
[154,155,188] -> [161]
[154,155,214] -> [160]
[154,155,215] -> [161]
[154,155,245] -> [160]
[154,155,246] -> [161]
[154,156] -> [183,210,241]
[154,156,158] -> [185,212,243]
[154,156,159] -> [186,213,244]
[154,156,185] -> [158]
[154,156,186] -> [159]
[154,156,212] -> [158]
[154,156,213] -> [159]
[154,156,243] -> [158]
[154,156,244] -> [159]
[154,157] -> [184,211,242]
[154,182] -> [155]
[154,183] -> [156]
[154,184] -> [157]
[154,209] -> [155]
[154,210] -> [156]
[154,211] -> [157]
[154,240] -> [155]
[154,241] -> [156]
[154,242] -> [157]
[162] -> [176]
[163] -> [175]
[164] -> [174]
[165] -> [173]
[166] -> [171]
[167] -> [150]
[167,168] -> [151]
[167,169] -> [152]
[167,170] -> [153]
[173] -> [143,R]
[174] -> [142,R]
[175] -> [141,R]
[176] -> [140,R]
[177] -> [33,46,172]
[177,178] -> [36,163]
[177,179] -> [35,162]
[177,180] -> [4,34]
[181] -> [33,46]
[181,182] -> [8,36,187,188]
[181,182,187] -> [10,165]
[181,182,188] -> [9,163]
[181,183] -> [8,35,185,186]
[181,183,185] -> [10,164]
[181,183,186] -> [9,162]
[181,184] -> [7,34]
[189] -> [203]
[190] -> [202]
[191] -> [201]
[192] -> [200]
[193] -> [199]
[194] -> [145]
[194,195] -> [146]
[194,196] -> [147]
[194,197] -> [148]
[200] -> [143,R]
[201] -> [142,R]
[202] -> [141,R]
[203] -> [140,R]
[204] -> [33,46,198]
[204,205] -> [36,192]
[204,206] -> [35,191]
[204,207] -> [7,34]
[208] -> [33,46]
[208,209] -> [8,36,214,215]
[208,209,214] -> [10,192]
[208,209,215] -> [9,190]
[208,210] -> [8,35,212,213]
[208,210,212] -> [10,191]
[208,210,213] -> [9,189]
[208,211] -> [7,34]
[216] -> [223]
[217] -> [221]
[220] -> [143,217,R]
[221] -> [142,R]
[222] -> [141,216,R]
[223] -> [140,R]
[224] -> [37,50,219]
[224,226] -> [40]
[224,227] -> [41]
[224,228] -> [42]
[224,229] -> [39,216]
[224,230] -> [4,38]
[225] -> [33,49,219]
[225,226] -> [36,216]
[225,227] -> [35,216]
[225,228] -> [4,34]
[231] -> [37,50,218]
[231,233] -> [40]
[231,234] -> [41]
[231,235] -> [42]
[231,236] -> [39,217]
[231,237] -> [7,38]
[232] -> [33,49,218]
[232,233] -> [36,217]
[232,234] -> [35,217]
[232,235] -> [7,34]
[238] -> [37,50]
[238,240] -> [40]
[238,241] -> [41]
[238,242] -> [42]
[238,247] -> [8,39,249,250]
[238,247,249] -> [10,217]
[238,247,250] -> [9,216]
[238,248] -> [7,38]
[239] -> [33,49]
[239,240] -> [8,36,245,246]
[239,240,245] -> [10,217]
[239,240,246] -> [9,216]
[239,241] -> [8,35,243,244]
[239,241,243] -> [10,217]
[239,241,244] -> [9,216]
[239,242] -> [7,34]
[253] -> [132,143]
[254] -> [131,142]
[255] -> [130,141]
[256] -> [129,140]
[265] -> [92]
[265,266] -> [93,262,263]
[265,267] -> [94,262,263]
[265,268] -> [95]
[R] -> [264]

### Solution ###

[2,3,5,6,8,9,10,11,12,13,14,15,16,17,18,19,21,22,23,24,25,26,27,28,29,30,31,32,45,48,52,53,54,59,60,68,69,77,78,83,84,89,90,91,98,99,100,101,110,111,112,113,120,121,129,130,131,132,133,134,135,136,137,138,139,144,149,171,172,198,199,218,219,251,252,257,258,259,260,261,262,263,264,269,270,R]

### Annotated ###

  let
    constructor N :E: Type
    constructor Z :R: N
    constructor S :R: (x :R: N) -> N
    constructor B :E: Type
    constructor T :R: B
    constructor F :R: B
    constructor List :E: Type
    constructor Cons :R: (_x0 :R: B) -> (_x1 :R: List) -> List
    constructor Nil :R: List
    not :R: (_x2 :R: B) -> B 
      [not] -R- T = F
      [not] -R- F = T
    foreign input :R: N
    genList :R: (_x3 :R: B) -> (_x4 :R: N) -> List 
      b :E: B
        [genList] -R- b -R- Z = Nil
      b :R: B n :R: N
        [genList] -R- b -R- (S -R- n) = Cons -R- b -R- (genList -R- (not -R- b) -R- n)
    constructor Eq :E: (a :E: Type) -> (_x5 :E: a) -> (_x6 :E: a) -> Type
    constructor Refl :E: (a :E: Type) -> (x :E: a) -> Eq -E- a -E- x -E- x
    constructor Maybe :E: (_x7 :E: Type) -> Type
    constructor Nothing :R: (a :E: Type) -> Maybe -E- a
    constructor Just :R: (a :E: Type) -> (x :E: a) -> Maybe -E- a
    semiDecEqB :R: (x :R: B) -> (y :R: B) -> Maybe -E- (Eq -E- B -E- x -E- y) 
      [semiDecEqB] -R- T -R- T = Just -E- (Eq -E- B -E- T -E- T) -E- (Refl -E- B -E- T)
      [semiDecEqB] -R- F -R- F = Just -E- (Eq -E- B -E- F -E- F) -E- (Refl -E- B -E- F)
      [semiDecEqB] -R- T -R- F = Nothing -E- (Eq -E- B -E- T -E- F)
      [semiDecEqB] -R- F -R- T = Nothing -E- (Eq -E- B -E- F -E- T)
    semiDecEq :R: (xs :R: List) -> (ys :R: List) -> Maybe -E- (Eq -E- List -E- xs -E- ys) 
      b :E: B ys :E: List
        [semiDecEq] -R- Nil -R- (Cons -R- b -R- ys) = Nothing -E- (Eq -E- List -E- Nil -E- (Cons -E- b -E- ys))
      b :E: B xs :E: List
        [semiDecEq] -R- (Cons -R- b -R- xs) -R- Nil = Nothing -E- (Eq -E- List -E- (Cons -E- b -E- xs) -E- Nil)
      [semiDecEq] -R- Nil -R- Nil = Just -E- (Eq -E- List -E- Nil -E- Nil) -E- (Refl -E- List -E- Nil)
      x :R: B y :R: B xs :R: List ys :R: List
        [semiDecEq] -R- (Cons -R- x -R- xs) -R- (Cons -R- y -R- ys) = 
          let semiDecEq' :R: (x :E: B) -> (y :E: B) -> (xs :E: List) -> (ys :E: List) -> (pfH :R: Maybe -E- (Eq -E- B -E- x -E- y)) -> (pfT :R: Maybe -E- (Eq -E- List -E- xs -E- ys)) -> Maybe -E- (Eq -E- List -E- (Cons -E- x -E- xs) -E- (Cons -E- y -E- ys)) 
            x :E: B y :E: B xs :E: List ys :E: List pfT :E: Maybe -E- (Eq -E- List -E- xs -E- ys)
              [semiDecEq'] -E- x -E- y -E- xs -E- ys -R- (Nothing -E- [Eq -E- B -E- x -E- y]) -R- pfT = Nothing -E- (Eq -E- List -E- (Cons -E- x -E- xs) -E- (Cons -E- y -E- ys))
            x :E: B y :E: B xs :E: List ys :E: List pfH :E: Maybe -E- (Eq -E- B -E- x -E- y)
              [semiDecEq'] -E- x -E- y -E- xs -E- ys -R- pfH -R- (Nothing -E- [Eq -E- List -E- xs -E- ys]) = Nothing -E- (Eq -E- List -E- (Cons -E- x -E- xs) -E- (Cons -E- y -E- ys))
            x :E: B xs :E: List
              [semiDecEq'] -E- x -E- [x] -E- xs -E- [xs] -R- (Just -E- [Eq -E- B -E- x -E- x] -E- [Refl -E- B -E- x]) -R- (Just -E- [Eq -E- List -E- xs -E- xs] -E- [Refl -E- List -E- xs]) = Just -E- (Eq -E- List -E- (Cons -E- x -E- xs) -E- (Cons -E- x -E- xs)) -E- (Refl -E- List -E- (Cons -E- x -E- xs))
          in semiDecEq' -E- x -E- y -E- xs -E- ys -R- (semiDecEqB -R- x -R- y) -R- (semiDecEq -R- xs -R- ys)
    sampleList :R: List = genList -R- T -R- input
    main :R: Maybe -E- (Eq -E- List -E- sampleList -E- sampleList) 
      [main] = semiDecEq -R- sampleList -R- sampleList
  in main

### Specialised ###

  let
    constructor N :E: Type
    constructor Z :R: N
    constructor S :R: (x :R: N) -> N
    constructor B :E: Type
    constructor T :R: B
    constructor F :R: B
    constructor List :E: Type
    constructor Cons :R: (_x0 :R: B) -> (_x1 :R: List) -> List
    constructor Nil :R: List
    not :R: (_x2 :R: B) -> B 
      [not] -R- T = F
      [not] -R- F = T
    foreign input :R: N
    genList :R: (_x3 :R: B) -> (_x4 :R: N) -> List 
      b :E: B
        [genList] -R- b -R- Z = Nil
      b :R: B n :R: N
        [genList] -R- b -R- (S -R- n) = Cons -R- b -R- (genList -R- (not -R- b) -R- n)
    constructor Eq :E: (a :E: Type) -> (_x5 :E: a) -> (_x6 :E: a) -> Type
    constructor Refl :E: (a :E: Type) -> (x :E: a) -> Eq -E- a -E- x -E- x
    constructor Maybe :E: (_x7 :E: Type) -> Type
    constructor Nothing :R: (a :E: Type) -> Maybe -E- a
    constructor Just :R: (a :E: Type) -> (x :E: a) -> Maybe -E- a
    semiDecEqB :R: (x :R: B) -> (y :R: B) -> Maybe -E- (Eq -E- B -E- x -E- y) 
      [semiDecEqB] -R- T -R- T = Just -E- (Eq -E- B -E- T -E- T) -E- (Refl -E- B -E- T)
      [semiDecEqB] -R- F -R- F = Just -E- (Eq -E- B -E- F -E- F) -E- (Refl -E- B -E- F)
      [semiDecEqB] -R- T -R- F = Nothing -E- (Eq -E- B -E- T -E- F)
      [semiDecEqB] -R- F -R- T = Nothing -E- (Eq -E- B -E- F -E- T)
    semiDecEq :R: (xs :R: List) -> (ys :R: List) -> Maybe -E- (Eq -E- List -E- xs -E- ys) 
      b :E: B ys :E: List
        [semiDecEq] -R- Nil -R- (Cons -R- b -R- ys) = Nothing -E- (Eq -E- List -E- Nil -E- (Cons -E- b -E- ys))
      b :E: B xs :E: List
        [semiDecEq] -R- (Cons -R- b -R- xs) -R- Nil = Nothing -E- (Eq -E- List -E- (Cons -E- b -E- xs) -E- Nil)
      [semiDecEq] -R- Nil -R- Nil = Just -E- (Eq -E- List -E- Nil -E- Nil) -E- (Refl -E- List -E- Nil)
      x :R: B y :R: B xs :R: List ys :R: List
        [semiDecEq] -R- (Cons -R- x -R- xs) -R- (Cons -R- y -R- ys) = 
          let semiDecEq' :R: (x :E: B) -> (y :E: B) -> (xs :E: List) -> (ys :E: List) -> (pfH :R: Maybe -E- (Eq -E- B -E- x -E- y)) -> (pfT :R: Maybe -E- (Eq -E- List -E- xs -E- ys)) -> Maybe -E- (Eq -E- List -E- (Cons -E- x -E- xs) -E- (Cons -E- y -E- ys)) 
            x :E: B y :E: B xs :E: List ys :E: List pfT :E: Maybe -E- (Eq -E- List -E- xs -E- ys)
              [semiDecEq'] -E- x -E- y -E- xs -E- ys -R- (Nothing -E- [Eq -E- B -E- x -E- y]) -R- pfT = Nothing -E- (Eq -E- List -E- (Cons -E- x -E- xs) -E- (Cons -E- y -E- ys))
            x :E: B y :E: B xs :E: List ys :E: List pfH :E: Maybe -E- (Eq -E- B -E- x -E- y)
              [semiDecEq'] -E- x -E- y -E- xs -E- ys -R- pfH -R- (Nothing -E- [Eq -E- List -E- xs -E- ys]) = Nothing -E- (Eq -E- List -E- (Cons -E- x -E- xs) -E- (Cons -E- y -E- ys))
            x :E: B xs :E: List
              [semiDecEq'] -E- x -E- [x] -E- xs -E- [xs] -R- (Just -E- [Eq -E- B -E- x -E- x] -E- [Refl -E- B -E- x]) -R- (Just -E- [Eq -E- List -E- xs -E- xs] -E- [Refl -E- List -E- xs]) = Just -E- (Eq -E- List -E- (Cons -E- x -E- xs) -E- (Cons -E- x -E- xs)) -E- (Refl -E- List -E- (Cons -E- x -E- xs))
          in semiDecEq' -E- x -E- y -E- xs -E- ys -R- (semiDecEqB -R- x -R- y) -R- (semiDecEq -R- xs -R- ys)
    sampleList :R: List = genList -R- T -R- input
    main :R: Maybe -E- (Eq -E- List -E- sampleList -E- sampleList) 
      [main] = semiDecEq -R- sampleList -R- sampleList
  in main

### Final annotation ###

  let
    constructor N :E: Type
    constructor Z :R: N
    constructor S :R: (x :R: N) -> N
    constructor B :E: Type
    constructor T :R: B
    constructor F :R: B
    constructor List :E: Type
    constructor Cons :R: (_x0 :R: B) -> (_x1 :R: List) -> List
    constructor Nil :R: List
    not :R: (_x2 :R: B) -> B 
      [not] -R- T = F
      [not] -R- F = T
    foreign input :R: N
    genList :R: (_x3 :R: B) -> (_x4 :R: N) -> List 
      b :E: B
        [genList] -R- b -R- Z = Nil
      b :R: B n :R: N
        [genList] -R- b -R- (S -R- n) = Cons -R- b -R- (genList -R- (not -R- b) -R- n)
    constructor Eq :E: (a :E: Type) -> (_x5 :E: a) -> (_x6 :E: a) -> Type
    constructor Refl :E: (a :E: Type) -> (x :E: a) -> Eq -E- a -E- x -E- x
    constructor Maybe :E: (_x7 :E: Type) -> Type
    constructor Nothing :R: (a :E: Type) -> Maybe -E- a
    constructor Just :R: (a :E: Type) -> (x :E: a) -> Maybe -E- a
    semiDecEqB :R: (x :R: B) -> (y :R: B) -> Maybe -E- (Eq -E- B -E- x -E- y) 
      [semiDecEqB] -R- T -R- T = Just -E- (Eq -E- B -E- T -E- T) -E- (Refl -E- B -E- T)
      [semiDecEqB] -R- F -R- F = Just -E- (Eq -E- B -E- F -E- F) -E- (Refl -E- B -E- F)
      [semiDecEqB] -R- T -R- F = Nothing -E- (Eq -E- B -E- T -E- F)
      [semiDecEqB] -R- F -R- T = Nothing -E- (Eq -E- B -E- F -E- T)
    semiDecEq :R: (xs :R: List) -> (ys :R: List) -> Maybe -E- (Eq -E- List -E- xs -E- ys) 
      b :E: B ys :E: List
        [semiDecEq] -R- Nil -R- (Cons -R- b -R- ys) = Nothing -E- (Eq -E- List -E- Nil -E- (Cons -E- b -E- ys))
      b :E: B xs :E: List
        [semiDecEq] -R- (Cons -R- b -R- xs) -R- Nil = Nothing -E- (Eq -E- List -E- (Cons -E- b -E- xs) -E- Nil)
      [semiDecEq] -R- Nil -R- Nil = Just -E- (Eq -E- List -E- Nil -E- Nil) -E- (Refl -E- List -E- Nil)
      x :R: B y :R: B xs :R: List ys :R: List
        [semiDecEq] -R- (Cons -R- x -R- xs) -R- (Cons -R- y -R- ys) = 
          let semiDecEq' :R: (x :E: B) -> (y :E: B) -> (xs :E: List) -> (ys :E: List) -> (pfH :R: Maybe -E- (Eq -E- B -E- x -E- y)) -> (pfT :R: Maybe -E- (Eq -E- List -E- xs -E- ys)) -> Maybe -E- (Eq -E- List -E- (Cons -E- x -E- xs) -E- (Cons -E- y -E- ys)) 
            x :E: B y :E: B xs :E: List ys :E: List pfT :E: Maybe -E- (Eq -E- List -E- xs -E- ys)
              [semiDecEq'] -E- x -E- y -E- xs -E- ys -R- (Nothing -E- [Eq -E- B -E- x -E- y]) -R- pfT = Nothing -E- (Eq -E- List -E- (Cons -E- x -E- xs) -E- (Cons -E- y -E- ys))
            x :E: B y :E: B xs :E: List ys :E: List pfH :E: Maybe -E- (Eq -E- B -E- x -E- y)
              [semiDecEq'] -E- x -E- y -E- xs -E- ys -R- pfH -R- (Nothing -E- [Eq -E- List -E- xs -E- ys]) = Nothing -E- (Eq -E- List -E- (Cons -E- x -E- xs) -E- (Cons -E- y -E- ys))
            x :E: B xs :E: List
              [semiDecEq'] -E- x -E- [x] -E- xs -E- [xs] -R- (Just -E- [Eq -E- B -E- x -E- x] -E- [Refl -E- B -E- x]) -R- (Just -E- [Eq -E- List -E- xs -E- xs] -E- [Refl -E- List -E- xs]) = Just -E- (Eq -E- List -E- (Cons -E- x -E- xs) -E- (Cons -E- x -E- xs)) -E- (Refl -E- List -E- (Cons -E- x -E- xs))
          in semiDecEq' -E- x -E- y -E- xs -E- ys -R- (semiDecEqB -R- x -R- y) -R- (semiDecEq -R- xs -R- ys)
    sampleList :R: List = genList -R- T -R- input
    main :R: Maybe -E- (Eq -E- List -E- sampleList -E- sampleList) 
      [main] = semiDecEq -R- sampleList -R- sampleList
  in main

### Verification ###

Verification successful.

### Pruned ###

  let
    constructor Z : N
    constructor S : (x) -> N
    constructor T : B
    constructor F : B
    constructor Cons : (_x0) -> (_x1) -> List
    constructor Nil : List
    not 
      [_] T = F
      [_] F = T
    foreign input
    genList 
      [_] _ Z = Nil
      [_] b (S n) = Cons b (genList (not b) n)
    constructor Nothing : Maybe
    constructor Just : Maybe
    semiDecEqB 
      [_] T T = Just
      [_] F F = Just
      [_] T F = Nothing
      [_] F T = Nothing
    semiDecEq 
      [_] Nil (Cons _ _) = Nothing
      [_] (Cons _ _) Nil = Nothing
      [_] Nil Nil = Just
      [_] (Cons x xs) (Cons y ys) = 
        let semiDecEq' 
          [_] Nothing _ = Nothing
          [_] _ Nothing = Nothing
          [_] Just Just = Just
        in semiDecEq' (semiDecEqB x y) (semiDecEq xs ys)
    sampleList = genList T input
    main = semiDecEq sampleList sampleList
  in main

### Intermediate representation ###

let Z = constructor 0
  in let S = constructor 1
    in let T = constructor 0
      in let F = constructor 0
        in let Cons = constructor 2
          in let Nil = constructor 0
            in let not = \_pv0.
              case _pv0 of
                F => T
                T => F
              in let input = foreign "(rts-arg-peano 'Z 'S 0)"
                in let genList = \_pv0. \_pv1.
                  case _pv1 of
                    S _pv2 => ((Cons _pv0) ((genList (not _pv0)) _pv2))
                    Z => Nil
                  in let Nothing = constructor 0
                    in let Just = constructor 0
                      in let semiDecEqB = \_pv0. \_pv1.
                        case _pv0 of
                          F => case _pv1 of
                            F => Just
                            T => Nothing
                          T => case _pv1 of
                            F => Nothing
                            T => Just
                        in let semiDecEq = \_pv0. \_pv1.
                          case _pv0 of
                            Cons _pv2 _pv3 => case _pv1 of
                              Cons _pv4 _pv5 => let semiDecEq' = \_pv6. \_pv7.
                                case _pv6 of
                                  Nothing => Nothing
                                  _ => case _pv7 of
                                    Nothing => Nothing
                                    _ => Just
                                in ((semiDecEq' ((semiDecEqB _pv2) _pv4)) ((semiDecEq _pv3) _pv5))
                              Nil => Nothing
                            Nil => case _pv1 of
                              Cons _pv2 _pv3 => Nothing
                              Nil => Just
                          in let sampleList = ((genList T) input)
                            in let main = ((semiDecEq sampleList) sampleList)
                              in main

### Normal forms ###

unerased:
  
  let
    constructor N : Type
    constructor Z : N
    constructor S : (x :R: N) -> N
    constructor B : Type
    constructor T : B
    constructor F : B
    constructor List : Type
    constructor Cons : (_x0 : B) -> (_x1 : List) -> List
    constructor Nil : List
    not : (_x2 : B) -> B 
      [not] T = F
      [not] F = T
    foreign input : N
    genList : (_x3 : B) -> (_x4 : N) -> List 
      b : B
        [genList] b Z = Nil
      b : B n : N
        [genList] b (S n) = Cons b (genList (not b) n)
    constructor Eq : (a : Type) -> (_x5 : a) -> (_x6 : a) -> Type
    constructor Refl : (a : Type) -> (x : a) -> Eq a x x
    constructor Maybe : (_x7 : Type) -> Type
    constructor Nothing : (a : Type) -> Maybe a
    constructor Just : (a : Type) -> (x : a) -> Maybe a
    semiDecEqB : (x : B) -> (y : B) -> Maybe (Eq B x y) 
      [semiDecEqB] T T = Just (Eq B T T) (Refl B T)
      [semiDecEqB] F F = Just (Eq B F F) (Refl B F)
      [semiDecEqB] T F = Nothing (Eq B T F)
      [semiDecEqB] F T = Nothing (Eq B F T)
    semiDecEq : (xs : List) -> (ys : List) -> Maybe (Eq List xs ys) 
      b : B ys : List
        [semiDecEq] Nil (Cons b ys) = Nothing (Eq List Nil (Cons b ys))
      b : B xs : List
        [semiDecEq] (Cons b xs) Nil = Nothing (Eq List (Cons b xs) Nil)
      [semiDecEq] Nil Nil = Just (Eq List Nil Nil) (Refl List Nil)
      x : B y : B xs : List ys : List
        [semiDecEq] (Cons x xs) (Cons y ys) = 
          let semiDecEq' : (x : B) -> (y : B) -> (xs : List) -> (ys : List) -> (pfH : Maybe (Eq B x y)) -> (pfT : Maybe (Eq List xs ys)) -> Maybe (Eq List (Cons x xs) (Cons y ys)) 
            x : B y : B xs : List ys : List pfT : Maybe (Eq List xs ys)
              [semiDecEq'] x y xs ys (Nothing [Eq B x y]) pfT = Nothing (Eq List (Cons x xs) (Cons y ys))
            x : B y : B xs : List ys : List pfH : Maybe (Eq B x y)
              [semiDecEq'] x y xs ys pfH (Nothing [Eq List xs ys]) = Nothing (Eq List (Cons x xs) (Cons y ys))
            x : B xs : List
              [semiDecEq'] x [x] xs [xs] (Just [Eq B x x] [Refl B x]) (Just [Eq List xs xs] [Refl List xs]) = Just (Eq List (Cons x xs) (Cons x xs)) (Refl List (Cons x xs))
          in semiDecEq' x y xs ys (semiDecEqB x y) (semiDecEq xs ys)
  in semiDecEq (genList T input) (genList T input)

erased:
  
  let
    constructor Z : N
    constructor S : (x) -> N
    constructor T : B
    constructor F : B
    constructor Cons : (_x0) -> (_x1) -> List
    constructor Nil : List
    not 
      [_] T = F
      [_] F = T
    foreign input
    genList 
      [_] _ Z = Nil
      [_] b (S n) = Cons b (genList (not b) n)
    constructor Nothing : Maybe
    constructor Just : Maybe
    semiDecEqB 
      [_] T T = Just
      [_] F F = Just
      [_] T F = Nothing
      [_] F T = Nothing
    semiDecEq 
      [_] Nil (Cons _ _) = Nothing
      [_] (Cons _ _) Nil = Nothing
      [_] Nil Nil = Just
      [_] (Cons x xs) (Cons y ys) = 
        let semiDecEq' 
          [_] Nothing _ = Nothing
          [_] _ Nothing = Nothing
          [_] Just Just = Just
        in semiDecEq' (semiDecEqB x y) (semiDecEq xs ys)
  in semiDecEq (genList T input) (genList T input)

