-- vim: ft=ttstar

### Desugared ###

  let
    postulate B : Type
    postulate T : B
    postulate F : B
    postulate K : Type
    postulate P : (_x0 : B) -> K
    postulate Q : (_x1 : B) -> K
    f : (_x2 : K) -> (_x3 : B) -> K 
      (c : (_x4 : B) -> K) (x : B)
         (c x) = c
    main : (_x5 : B) -> K = f (P T)
  in main

### Evarified ###

  let
    postulate B :1: Type
    postulate T :2: B
    postulate F :3: B
    postulate K :4: Type
    postulate P :5: (_x0 :6: B) -> K
    postulate Q :7: (_x1 :8: B) -> K
    f :9: (_x2 :10: K) -> (_x3 :11: B) -> K 
      (c :12: (_x4 :13: B) -> K) (x :14: B)
         -15- (c -16- x) = c
    main :17: (_x5 :18: B) -> K = f -19- (P -20- T)
  in main

### Constraints ###

ttstar: Traceback:
1. In context:
  Type : Type

("LET",
  let
    postulate B :1: Type
    postulate T :2: B
    postulate F :3: B
    postulate K :4: Type
    postulate P :5: (_x0 :6: B) -> K
    postulate Q :7: (_x1 :8: B) -> K
    f :9: (_x2 :10: K) -> (_x3 :11: B) -> K 
      (c :12: (_x4 :13: B) -> K) (x :14: B)
         -15- (c -16- x) = c
    main :17: (_x5 :18: B) -> K = f -19- (P -20- T)
  in main)

2. In context:
  B : Type
  F : B
  K : Type
  P : (_x0 :6: B) -> K
  Q : (_x1 :8: B) -> K
  T : B
  Type : Type
  f : (_x2 :10: K) -> (_x3 :11: B) -> K

("DEF-CLAUSES",f)

3. In context:
  B : Type
  F : B
  K : Type
  P : (_x0 :6: B) -> K
  Q : (_x1 :8: B) -> K
  T : B
  Type : Type
  f : (_x2 :10: K) -> (_x3 :11: B) -> K

("CLAUSE",[(15,PCtor False c [(16,PV x)])])

Error: PatvarsPatternMismatch [c,x] [x]

CallStack (from HasCallStack):
  error, called at Main.hs:68:38 in main:Main
