-- vim: ft=ttstar

### Desugared ###

  let
    constructor N : Type
    constructor Z : N
    constructor S : (_x0 : N) -> N
    constructor Fin : (_x1 : N) -> Type
    constructor FZ : (n : N) -> Fin (S n)
    constructor FS : (n : N) -> (x :R: Fin n) -> Fin (S n)
    embed : (n : N) -> (_x2 : Fin n) -> Fin (S n) 
      n : N
        [embed] [S n] (FZ n) = FZ (S n)
      n : N x : Fin n
        [embed] [S n] (FS n x) = FS (S n) (embed n x)
    fsuc : (n : N) -> (x : Fin n) -> Fin (S n) = FS
    constructor Pair : Type
    constructor P : (x :R: Fin 3) -> (y :R: Fin 4) -> Pair
    main : Pair = P (fsuc 2 (FS 1 (FZ Z))) (embed 3 (FS 2 (FS 1 (FZ Z))))
  in main

### Evarified ###

  let
    constructor N :1: Type
    constructor Z :2: N
    constructor S :3: (_x0 :4: N) -> N
    constructor Fin :5: (_x1 :6: N) -> Type
    constructor FZ :7: (n :8: N) -> Fin -9- (S -10- n)
    constructor FS :11: (n :12: N) -> (x :R: Fin -13- n) -> Fin -14- (S -15- n)
    embed :16: (n :17: N) -> (_x2 :18: Fin -19- n) -> Fin -20- (S -21- n) 
      n :22: N
        [embed] -24- [S -25- n] -23- (FZ -26- n) = FZ -27- (S -28- n)
      n :29: N x :30: Fin -31- n
        [embed] -33- [S -34- n] -32- (FS -36- n -35- x) = FS -38- (S -39- n) -37- (embed -41- n -40- x)
    fsuc :42: (n :43: N) -> (x :44: Fin -45- n) -> Fin -46- (S -47- n) = FS
    constructor Pair :48: Type
    constructor P :49: (x :R: Fin -50- 3) -> (y :R: Fin -54- 4) -> Pair
    main :59: Pair = P -61- (fsuc -63- 2 -62- (FS -67- 1 -66- (FZ -69- Z))) -60- (embed -71- 3 -70- (FS -76- 2 -75- (FS -80- 1 -79- (FZ -82- Z))))
  in main

### Constraints ###

[] -> [7,11,16,18,23,30,32,35,37,40,42,44,49,60,61,62,66,70,75,79,R]
[4,24] -> [25]
[4,27] -> [28]
[4,33] -> [34]
[4,38] -> [39]
[4,63] -> [64]
[4,63,64] -> [65]
[4,67] -> [68]
[4,71] -> [72]
[4,71,72] -> [73]
[4,71,72,73] -> [74]
[4,76] -> [77]
[4,76,77] -> [78]
[4,80] -> [81]
[8] -> [26,27,69,82]
[9] -> [13,19,20]
[10] -> [21,25,68,81]
[12] -> [36,38,43,67,76,80]
[13] -> [9,14,20,31,45]
[14] -> [13,19,20,45,46]
[15] -> [21,34,47,64,72,77]
[17] -> [24,33,41,71]
[19] -> [9,14,31]
[20] -> [9,13,14,54]
[21] -> [10,15,39,55]
[22] -> [26]
[24] -> [3,17]
[24,25] -> [4,22]
[25] -> [10,28]
[26] -> [8]
[27] -> [3,8]
[27,28] -> [4,22]
[28] -> [25]
[29] -> [36]
[31] -> [13,19]
[33] -> [3,17]
[33,34] -> [4,29]
[34] -> [15,39]
[36] -> [12]
[38] -> [3,12]
[38,39] -> [4,29]
[39] -> [21,34]
[41] -> [17,29]
[43] -> [12,63]
[45] -> [13,14]
[46] -> [14,50]
[47] -> [15,51]
[50] -> [46]
[51] -> [47]
[52] -> [64]
[53] -> [65]
[54] -> [20]
[55] -> [21]
[56] -> [72]
[57] -> [73]
[58] -> [74]
[63] -> [3,43]
[63,64] -> [3,4]
[63,64,65] -> [2,4]
[64] -> [15,52]
[65] -> [53,68]
[67] -> [3,12]
[67,68] -> [2,4]
[68] -> [10,65]
[69] -> [2,8]
[71] -> [3,17]
[71,72] -> [3,4]
[71,72,73] -> [3,4]
[71,72,73,74] -> [2,4]
[72] -> [15,56]
[73] -> [57,77]
[74] -> [58,78]
[76] -> [3,12]
[76,77] -> [3,4]
[76,77,78] -> [2,4]
[77] -> [15,73]
[78] -> [74,81]
[80] -> [3,12]
[80,81] -> [2,4]
[81] -> [10,78]
[82] -> [2,8]
[R] -> [59]

### Solution ###

[7,11,16,18,23,30,32,35,37,40,42,44,49,59,60,61,62,66,70,75,79,R]

### Annotated ###

  let
    constructor N :E: Type
    constructor Z :E: N
    constructor S :E: (_x0 :E: N) -> N
    constructor Fin :E: (_x1 :E: N) -> Type
    constructor FZ :R: (n :E: N) -> Fin -E- (S -E- n)
    constructor FS :R: (n :E: N) -> (x :R: Fin -E- n) -> Fin -E- (S -E- n)
    embed :R: (n :E: N) -> (_x2 :R: Fin -E- n) -> Fin -E- (S -E- n) 
      n :E: N
        [embed] -E- [S -E- n] -R- (FZ -E- n) = FZ -E- (S -E- n)
      n :E: N x :R: Fin -E- n
        [embed] -E- [S -E- n] -R- (FS -E- n -R- x) = FS -E- (S -E- n) -R- (embed -E- n -R- x)
    fsuc :R: (n :E: N) -> (x :R: Fin -E- n) -> Fin -E- (S -E- n) = FS
    constructor Pair :E: Type
    constructor P :R: (x :R: Fin -E- 3) -> (y :R: Fin -E- 4) -> Pair
    main :R: Pair = P -R- (fsuc -E- 2 -R- (FS -E- 1 -R- (FZ -E- Z))) -R- (embed -E- 3 -R- (FS -E- 2 -R- (FS -E- 1 -R- (FZ -E- Z))))
  in main

### Specialised ###

  let
    constructor N :E: Type
    constructor Z :E: N
    constructor S :E: (_x0 :E: N) -> N
    constructor Fin :E: (_x1 :E: N) -> Type
    constructor FZ :R: (n :E: N) -> Fin -E- (S -E- n)
    constructor FS :R: (n :E: N) -> (x :R: Fin -E- n) -> Fin -E- (S -E- n)
    embed :R: (n :E: N) -> (_x2 :R: Fin -E- n) -> Fin -E- (S -E- n) 
      n :E: N
        [embed] -E- [S -E- n] -R- (FZ -E- n) = FZ -E- (S -E- n)
      n :E: N x :R: Fin -E- n
        [embed] -E- [S -E- n] -R- (FS -E- n -R- x) = FS -E- (S -E- n) -R- (embed -E- n -R- x)
    fsuc :R: (n :E: N) -> (x :R: Fin -E- n) -> Fin -E- (S -E- n) = FS
    constructor Pair :E: Type
    constructor P :R: (x :R: Fin -E- 3) -> (y :R: Fin -E- 4) -> Pair
    main :R: Pair = P -R- (fsuc -E- 2 -R- (FS -E- 1 -R- (FZ -E- Z))) -R- (embed -E- 3 -R- (FS -E- 2 -R- (FS -E- 1 -R- (FZ -E- Z))))
  in main

### Final annotation ###

  let
    constructor N :E: Type
    constructor Z :E: N
    constructor S :E: (_x0 :E: N) -> N
    constructor Fin :E: (_x1 :E: N) -> Type
    constructor FZ :R: (n :E: N) -> Fin -E- (S -E- n)
    constructor FS :R: (n :E: N) -> (x :R: Fin -E- n) -> Fin -E- (S -E- n)
    embed :R: (n :E: N) -> (_x2 :R: Fin -E- n) -> Fin -E- (S -E- n) 
      n :E: N
        [embed] -E- [S -E- n] -R- (FZ -E- n) = FZ -E- (S -E- n)
      n :E: N x :R: Fin -E- n
        [embed] -E- [S -E- n] -R- (FS -E- n -R- x) = FS -E- (S -E- n) -R- (embed -E- n -R- x)
    fsuc :R: (n :E: N) -> (x :R: Fin -E- n) -> Fin -E- (S -E- n) = FS
    constructor Pair :E: Type
    constructor P :R: (x :R: Fin -E- 3) -> (y :R: Fin -E- 4) -> Pair
    main :R: Pair = P -R- (fsuc -E- 2 -R- (FS -E- 1 -R- (FZ -E- Z))) -R- (embed -E- 3 -R- (FS -E- 2 -R- (FS -E- 1 -R- (FZ -E- Z))))
  in main

### Verification ###

Verification successful.

### Pruned ###

  let
    constructor FZ : Fin
    constructor FS : (x) -> Fin
    embed 
      [_] FZ = FZ
      [_] (FS x) = FS (embed x)
    fsuc = FS
    constructor P : (x) -> (y) -> Pair
    main = P (fsuc (FS FZ)) (embed (FS (FS FZ)))
  in main

### Normal forms ###

unerased:
  
  let
    constructor N : Type
    constructor Z : N
    constructor S : (_x0 : N) -> N
    constructor Fin : (_x1 : N) -> Type
    constructor FZ : (n : N) -> Fin (S n)
    constructor FS : (n : N) -> (x :R: Fin n) -> Fin (S n)
    constructor Pair : Type
    constructor P : (x :R: Fin 3) -> (y :R: Fin 4) -> Pair
  in P (FS 2 (FS 1 (FZ Z))) (FS 3 (FS 2 (FZ 1)))

erased:
  
  let
    constructor FZ : Fin
    constructor FS : (x) -> Fin
    constructor P : (x) -> (y) -> Pair
  in P (FS (FS FZ)) (FS (FS FZ))

