-- vim: ft=ttstar

### Desugared ###

  let
    constructor Bool : Type
    constructor T : Bool
    constructor F : Bool
    main : Bool = 
      let not : (_x0 : Bool) -> Bool 
        [not] T = F
        [not] F = T
      in not F
  in main

### Evarified ###

  let
    constructor Bool :1: Type
    constructor T :2: Bool
    constructor F :3: Bool
    main :4: Bool = 
      let not :6: (_x0 :7: Bool) -> Bool 
        [not] -8- T = F
        [not] -9- F = T
      in not -5- F
  in main

### Constraints ###

[5] -> [7]
[5,R] -> [3]
[7] -> [5]
[7,R] -> [8,9]
[8] -> [R]
[8,R] -> [7]
[9] -> [R]
[9,R] -> [7]
[R] -> [2,3,4,6,8,9]

### Solution ###

[2,3,4,5,6,7,8,9,R]

### Annotated ###

  let
    constructor Bool :E: Type
    constructor T :R: Bool
    constructor F :R: Bool
    main :R: Bool = 
      let not :R: (_x0 :R: Bool) -> Bool 
        [not] -R- T = F
        [not] -R- F = T
      in not -R- F
  in main

### Specialised ###

  let
    constructor Bool :E: Type
    constructor T :R: Bool
    constructor F :R: Bool
    main :R: Bool = 
      let not :R: (_x0 :R: Bool) -> Bool 
        [not] -R- T = F
        [not] -R- F = T
      in not -R- F
  in main

### Final annotation ###

  let
    constructor Bool :E: Type
    constructor T :R: Bool
    constructor F :R: Bool
    main :R: Bool = 
      let not :R: (_x0 :R: Bool) -> Bool 
        [not] -R- T = F
        [not] -R- F = T
      in not -R- F
  in main

### Verification ###

Verification successful.

### Pruned ###

  let
    constructor T : Bool
    constructor F : Bool
    main = 
      let not 
        [_] T = F
        [_] F = T
      in not F
  in main

### Normal forms ###

unerased:
  
  let
    constructor Bool : Type
    constructor T : Bool
  in T

erased:
  
  let constructor T : Bool
  in T

