-- vim: ft=ttstar

### Desugared ###

  let
    postulate Mool : Type
    postulate Q : Mool
    postulate W : Mool
    postulate Bool : Type
    postulate T : Bool
    postulate F : Bool
    postulate Id : (a : Type) -> (x : a) -> (y : a) -> Type
    postulate Refl : (a : Type) -> (x : a) -> Id a x x
    not : (_x0 : Bool) -> Bool 
       T = F
       F = T
    notnot : (x : Bool) -> Id Bool x (not (not x)) 
       T = Refl Bool T
       F = Refl Bool F
    retTy : (_x1 : Bool) -> Type 
       T = Bool
       F = Mool
    mot : (_x2 : Mool) -> Mool 
       Q = W
       W = Q
    invert : (t : Bool) -> (x : retTy t) -> retTy t 
       T = not
       F = mot
    invert' : (t : Bool) -> (x : retTy t) -> retTy t 
      (x : Bool)
         T x = not x
      (x : Mool)
         F x = mot x
    main : Mool = invert F Q
  in main

### Evarified ###

  let
    postulate Mool :1: Type
    postulate Q :2: Mool
    postulate W :3: Mool
    postulate Bool :4: Type
    postulate T :5: Bool
    postulate F :6: Bool
    postulate Id :7: (a :8: Type) -> (x :9: a) -> (y :10: a) -> Type
    postulate Refl :11: (a :12: Type) -> (x :13: a) -> Id -16- a -15- x -14- x
    not :17: (_x0 :18: Bool) -> Bool 
       -19- T = F
       -20- F = T
    notnot :21: (x :22: Bool) -> Id -25- Bool -24- x -23- (not -26- (not -27- x)) 
       -28- T = Refl -30- Bool -29- T
       -31- F = Refl -33- Bool -32- F
    retTy :34: (_x1 :35: Bool) -> Type 
       -36- T = Bool
       -37- F = Mool
    mot :38: (_x2 :39: Mool) -> Mool 
       -40- Q = W
       -41- W = Q
    invert :42: (t :43: Bool) -> (x :44: retTy -45- t) -> retTy -46- t 
       -47- T = not
       -48- F = mot
    invert' :49: (t :50: Bool) -> (x :51: retTy -52- t) -> retTy -53- t 
      (x :54: Bool)
         -55- T -56- x = not -57- x
      (x :58: Mool)
         -59- F -60- x = mot -61- x
    main :62: Mool = invert -64- F -63- Q
  in main

### Constraints ###

[] -> [2,3,5,6,17,18,19,20,38,39,40,41,42,43,44,47,48,63,64,R]
[R] -> [62]

### Solution ###

[2,3,5,6,17,18,19,20,38,39,40,41,42,43,44,47,48,62,63,64,R]

### Annotated ###

  let
    postulate Mool :E: Type
    postulate Q :R: Mool
    postulate W :R: Mool
    postulate Bool :E: Type
    postulate T :R: Bool
    postulate F :R: Bool
    postulate Id :E: (a :E: Type) -> (x :E: a) -> (y :E: a) -> Type
    postulate Refl :E: (a :E: Type) -> (x :E: a) -> Id -E- a -E- x -E- x
    not :R: (_x0 :R: Bool) -> Bool 
       -R- T = F
       -R- F = T
    notnot :E: (x :E: Bool) -> Id -E- Bool -E- x -E- (not -E- (not -E- x)) 
       -E- T = Refl -E- Bool -E- T
       -E- F = Refl -E- Bool -E- F
    retTy :E: (_x1 :E: Bool) -> Type 
       -E- T = Bool
       -E- F = Mool
    mot :R: (_x2 :R: Mool) -> Mool 
       -R- Q = W
       -R- W = Q
    invert :R: (t :R: Bool) -> (x :R: retTy -E- t) -> retTy -E- t 
       -R- T = not
       -R- F = mot
    invert' :E: (t :E: Bool) -> (x :E: retTy -E- t) -> retTy -E- t 
      (x :E: Bool)
         -E- T -E- x = not -E- x
      (x :E: Mool)
         -E- F -E- x = mot -E- x
    main :R: Mool = invert -R- F -R- Q
  in main

### Specialised ###

  let
    postulate Mool :E: Type
    postulate Q :R: Mool
    postulate W :R: Mool
    postulate Bool :E: Type
    postulate T :R: Bool
    postulate F :R: Bool
    postulate Id :E: (a :E: Type) -> (x :E: a) -> (y :E: a) -> Type
    postulate Refl :E: (a :E: Type) -> (x :E: a) -> Id -E- a -E- x -E- x
    not :R: (_x0 :R: Bool) -> Bool 
       -R- T = F
       -R- F = T
    notnot :E: (x :E: Bool) -> Id -E- Bool -E- x -E- (not -E- (not -E- x)) 
       -E- T = Refl -E- Bool -E- T
       -E- F = Refl -E- Bool -E- F
    retTy :E: (_x1 :E: Bool) -> Type 
       -E- T = Bool
       -E- F = Mool
    mot :R: (_x2 :R: Mool) -> Mool 
       -R- Q = W
       -R- W = Q
    invert :R: (t :R: Bool) -> (x :R: retTy -E- t) -> retTy -E- t 
       -R- T = not
       -R- F = mot
    invert' :E: (t :E: Bool) -> (x :E: retTy -E- t) -> retTy -E- t 
      (x :E: Bool)
         -E- T -E- x = not -E- x
      (x :E: Mool)
         -E- F -E- x = mot -E- x
    main :R: Mool = invert -R- F -R- Q
  in main

### Final annotation ###

  let
    postulate Mool :E: Type
    postulate Q :R: Mool
    postulate W :R: Mool
    postulate Bool :E: Type
    postulate T :R: Bool
    postulate F :R: Bool
    postulate Id :E: (a :E: Type) -> (x :E: a) -> (y :E: a) -> Type
    postulate Refl :E: (a :E: Type) -> (x :E: a) -> Id -E- a -E- x -E- x
    not :R: (_x0 :R: Bool) -> Bool 
       -R- T = F
       -R- F = T
    notnot :E: (x :E: Bool) -> Id -E- Bool -E- x -E- (not -E- (not -E- x)) 
       -E- T = Refl -E- Bool -E- T
       -E- F = Refl -E- Bool -E- F
    retTy :E: (_x1 :E: Bool) -> Type 
       -E- T = Bool
       -E- F = Mool
    mot :R: (_x2 :R: Mool) -> Mool 
       -R- Q = W
       -R- W = Q
    invert :R: (t :R: Bool) -> (x :R: retTy -E- t) -> retTy -E- t 
       -R- T = not
       -R- F = mot
    invert' :E: (t :E: Bool) -> (x :E: retTy -E- t) -> retTy -E- t 
      (x :E: Bool)
         -E- T -E- x = not -E- x
      (x :E: Mool)
         -E- F -E- x = mot -E- x
    main :R: Mool = invert -R- F -R- Q
  in main

### Verification ###

Verification successful.

### Pruned ###

  let
    postulate Q : Mool
    postulate W : Mool
    postulate T : Bool
    postulate F : Bool
    not 
       T = F
       F = T
    mot 
       Q = W
       W = Q
    invert 
       T = not
       F = mot
    main = invert F Q
  in main

### Normal forms ###

unerased:
  
  let
    postulate Mool : Type
    postulate W : Mool
  in W

erased:
  
  let postulate W : Mool
  in W

