-- vim: ft=ttstar

### Desugared ###

  let
    constructor Bool : Type
    constructor T : Bool
    constructor F : Bool
    not : (_x0 : Bool) -> Bool 
       T = F
       F = T
    main : (_x1 : Bool) -> Bool = not
  in main

### Evarified ###

  let
    constructor Bool :1: Type
    constructor T :2: Bool
    constructor F :3: Bool
    not :4: (_x0 :5: Bool) -> Bool 
       -6- T = F
       -7- F = T
    main :8: (_x1 :9: Bool) -> Bool = not
  in main

### Constraints ###

[] -> [2,3,4,5,6,7,9,R]
[R] -> [8]

### Solution ###

[2,3,4,5,6,7,8,9,R]

### Annotated ###

  let
    constructor Bool :E: Type
    constructor T :R: Bool
    constructor F :R: Bool
    not :R: (_x0 :R: Bool) -> Bool 
       -R- T = F
       -R- F = T
    main :R: (_x1 :R: Bool) -> Bool = not
  in main

### Specialised ###

  let
    constructor Bool :E: Type
    constructor T :R: Bool
    constructor F :R: Bool
    not :R: (_x0 :R: Bool) -> Bool 
       -R- T = F
       -R- F = T
    main :R: (_x1 :R: Bool) -> Bool = not
  in main

### Final annotation ###

  let
    constructor Bool :E: Type
    constructor T :R: Bool
    constructor F :R: Bool
    not :R: (_x0 :R: Bool) -> Bool 
       -R- T = F
       -R- F = T
    main :R: (_x1 :R: Bool) -> Bool = not
  in main

### Verification ###

Verification successful.

### Pruned ###

  let
    constructor T : Bool
    constructor F : Bool
    not 
       T = F
       F = T
    main = not
  in main

### Normal forms ###

unerased:
  
  let
    constructor Bool : Type
    constructor T : Bool
    constructor F : Bool
    not : (_x0 : Bool) -> Bool 
       T = F
       F = T
  in not

erased:
  
  let
    constructor T : Bool
    constructor F : Bool
    not 
       T = F
       F = T
  in not

