-- vim: ft=ttstar

### Desugared ###

  let
    constructor Nat : Type
    constructor Z : Nat
    constructor S : (x :R: Nat) -> Nat
    plus : (_x0 : Nat) -> (_x1 : Nat) -> Nat 
      n : Nat
        [plus] Z n = n
      m : Nat n : Nat
        [plus] (S m) n = S (plus m n)
    constructor Bool : Type
    constructor True : Bool
    constructor False : Bool
    not : (_x2 : Bool) -> Bool 
      [not] True = False
      [not] False = True
    constructor Unit : Type
    constructor MkUnit : Unit
    constructor Pair : (_x3 : Type) -> (_x4 : Type) -> Type
    constructor MkPair : (a : Type) -> (b : Type) -> (_x5 : a) -> (_x6 : b) -> Pair a b
    fst : (a : Type) -> (b : Type) -> (_x7 : Pair a b) -> a 
      a : Type b : Type x : a y : b
        [fst] a b ([MkPair] [a] [b] x y) = x
    snd : (a : Type) -> (b : Type) -> (_x8 : Pair a b) -> b 
      a : Type b : Type x : a y : b
        [snd] a b ([MkPair] [a] [b] x y) = y
    constructor Either : (_x9 : Type) -> (_x10 : Type) -> Type
    constructor Left : (a : Type) -> (b : Type) -> (_x11 : a) -> Either a b
    constructor Right : (a : Type) -> (b : Type) -> (_x12 : b) -> Either a b
    id : (a : Type) -> (x : a) -> a = (\a : Type. (\x : a. x))
    constructor Fin : (_x13 : Nat) -> Type
    constructor FZ : (n : Nat) -> Fin (S n)
    constructor FS : (n : Nat) -> (_x14 : Fin n) -> Fin (S n)
    constructor Vect : (_x15 : Nat) -> (_x16 : Type) -> Type
    constructor VN : (a : Type) -> Vect Z a
    constructor VC : (n : Nat) -> (a : Type) -> (x : a) -> (xs : Vect n a) -> Vect (S n) a
    isZero : (_x0 : Nat) -> Bool 
      [isZero] Z = True
      n : Nat
        [isZero] (S n) = False
    f : (a : Type) -> (_x1 : a) -> Bool 
      [f] Bool = not
      [f] Nat = isZero
      a : Type
        [f] a = (\x : a. False)
    main : Bool = f Bool False
  in main

### Evarified ###

  let
    constructor Nat :1: Type
    constructor Z :2: Nat
    constructor S :3: (x :R: Nat) -> Nat
    plus :4: (_x0 :5: Nat) -> (_x1 :6: Nat) -> Nat 
      n :7: Nat
        [plus] -9- Z -8- n = n
      m :10: Nat n :11: Nat
        [plus] -13- (S -14- m) -12- n = S -15- (plus -17- m -16- n)
    constructor Bool :18: Type
    constructor True :19: Bool
    constructor False :20: Bool
    not :21: (_x2 :22: Bool) -> Bool 
      [not] -23- True = False
      [not] -24- False = True
    constructor Unit :25: Type
    constructor MkUnit :26: Unit
    constructor Pair :27: (_x3 :28: Type) -> (_x4 :29: Type) -> Type
    constructor MkPair :30: (a :31: Type) -> (b :32: Type) -> (_x5 :33: a) -> (_x6 :34: b) -> Pair -36- a -35- b
    fst :37: (a :38: Type) -> (b :39: Type) -> (_x7 :40: Pair -42- a -41- b) -> a 
      a :43: Type b :44: Type x :45: a y :46: b
        [fst] -49- a -48- b -47- ([MkPair] -53- [a] -52- [b] -51- x -50- y) = x
    snd :54: (a :55: Type) -> (b :56: Type) -> (_x8 :57: Pair -59- a -58- b) -> b 
      a :60: Type b :61: Type x :62: a y :63: b
        [snd] -66- a -65- b -64- ([MkPair] -70- [a] -69- [b] -68- x -67- y) = y
    constructor Either :71: (_x9 :72: Type) -> (_x10 :73: Type) -> Type
    constructor Left :74: (a :75: Type) -> (b :76: Type) -> (_x11 :77: a) -> Either -79- a -78- b
    constructor Right :80: (a :81: Type) -> (b :82: Type) -> (_x12 :83: b) -> Either -85- a -84- b
    id :86: (a :87: Type) -> (x :88: a) -> a = (\a :89: Type. (\x :90: a. x))
    constructor Fin :91: (_x13 :92: Nat) -> Type
    constructor FZ :93: (n :94: Nat) -> Fin -95- (S -96- n)
    constructor FS :97: (n :98: Nat) -> (_x14 :99: Fin -100- n) -> Fin -101- (S -102- n)
    constructor Vect :103: (_x15 :104: Nat) -> (_x16 :105: Type) -> Type
    constructor VN :106: (a :107: Type) -> Vect -109- Z -108- a
    constructor VC :110: (n :111: Nat) -> (a :112: Type) -> (x :113: a) -> (xs :114: Vect -116- n -115- a) -> Vect -118- (S -119- n) -117- a
    isZero :120: (_x0 :121: Nat) -> Bool 
      [isZero] -122- Z = True
      n :123: Nat
        [isZero] -124- (S -125- n) = False
    f :126: (a :127: Type) -> (_x1 :128: a) -> Bool 
      [f] -129- Bool = not
      [f] -130- Nat = isZero
      a :131: Type
        [f] -132- a = (\x :133: a. False)
    main :134: Bool = f -136- Bool -135- False
  in main

### Constraints ###

[] -> [1,2,3,18,19,20,21,22,23,24,120,121,122,124,125,126,127,128,129,130,132,133,135,136,R]
[123] -> [125]
[131] -> [132]
[R] -> [134]

### Solution ###

[1,2,3,18,19,20,21,22,23,24,120,121,122,124,125,126,127,128,129,130,132,133,134,135,136,R]

### Annotated ###

  let
    constructor Nat :R: Type
    constructor Z :R: Nat
    constructor S :R: (x :R: Nat) -> Nat
    plus :E: (_x0 :E: Nat) -> (_x1 :E: Nat) -> Nat 
      n :E: Nat
        [plus] -E- Z -E- n = n
      m :E: Nat n :E: Nat
        [plus] -E- (S -E- m) -E- n = S -E- (plus -E- m -E- n)
    constructor Bool :R: Type
    constructor True :R: Bool
    constructor False :R: Bool
    not :R: (_x2 :R: Bool) -> Bool 
      [not] -R- True = False
      [not] -R- False = True
    constructor Unit :E: Type
    constructor MkUnit :E: Unit
    constructor Pair :E: (_x3 :E: Type) -> (_x4 :E: Type) -> Type
    constructor MkPair :E: (a :E: Type) -> (b :E: Type) -> (_x5 :E: a) -> (_x6 :E: b) -> Pair -E- a -E- b
    fst :E: (a :E: Type) -> (b :E: Type) -> (_x7 :E: Pair -E- a -E- b) -> a 
      a :E: Type b :E: Type x :E: a y :E: b
        [fst] -E- a -E- b -E- ([MkPair] -E- [a] -E- [b] -E- x -E- y) = x
    snd :E: (a :E: Type) -> (b :E: Type) -> (_x8 :E: Pair -E- a -E- b) -> b 
      a :E: Type b :E: Type x :E: a y :E: b
        [snd] -E- a -E- b -E- ([MkPair] -E- [a] -E- [b] -E- x -E- y) = y
    constructor Either :E: (_x9 :E: Type) -> (_x10 :E: Type) -> Type
    constructor Left :E: (a :E: Type) -> (b :E: Type) -> (_x11 :E: a) -> Either -E- a -E- b
    constructor Right :E: (a :E: Type) -> (b :E: Type) -> (_x12 :E: b) -> Either -E- a -E- b
    id :E: (a :E: Type) -> (x :E: a) -> a = (\a :E: Type. (\x :E: a. x))
    constructor Fin :E: (_x13 :E: Nat) -> Type
    constructor FZ :E: (n :E: Nat) -> Fin -E- (S -E- n)
    constructor FS :E: (n :E: Nat) -> (_x14 :E: Fin -E- n) -> Fin -E- (S -E- n)
    constructor Vect :E: (_x15 :E: Nat) -> (_x16 :E: Type) -> Type
    constructor VN :E: (a :E: Type) -> Vect -E- Z -E- a
    constructor VC :E: (n :E: Nat) -> (a :E: Type) -> (x :E: a) -> (xs :E: Vect -E- n -E- a) -> Vect -E- (S -E- n) -E- a
    isZero :R: (_x0 :R: Nat) -> Bool 
      [isZero] -R- Z = True
      n :E: Nat
        [isZero] -R- (S -R- n) = False
    f :R: (a :R: Type) -> (_x1 :R: a) -> Bool 
      [f] -R- Bool = not
      [f] -R- Nat = isZero
      a :E: Type
        [f] -R- a = (\x :R: a. False)
    main :R: Bool = f -R- Bool -R- False
  in main

### Specialised ###

  let
    constructor Nat :R: Type
    constructor Z :R: Nat
    constructor S :R: (x :R: Nat) -> Nat
    plus :E: (_x0 :E: Nat) -> (_x1 :E: Nat) -> Nat 
      n :E: Nat
        [plus] -E- Z -E- n = n
      m :E: Nat n :E: Nat
        [plus] -E- (S -E- m) -E- n = S -E- (plus -E- m -E- n)
    constructor Bool :R: Type
    constructor True :R: Bool
    constructor False :R: Bool
    not :R: (_x2 :R: Bool) -> Bool 
      [not] -R- True = False
      [not] -R- False = True
    constructor Unit :E: Type
    constructor MkUnit :E: Unit
    constructor Pair :E: (_x3 :E: Type) -> (_x4 :E: Type) -> Type
    constructor MkPair :E: (a :E: Type) -> (b :E: Type) -> (_x5 :E: a) -> (_x6 :E: b) -> Pair -E- a -E- b
    fst :E: (a :E: Type) -> (b :E: Type) -> (_x7 :E: Pair -E- a -E- b) -> a 
      a :E: Type b :E: Type x :E: a y :E: b
        [fst] -E- a -E- b -E- ([MkPair] -E- [a] -E- [b] -E- x -E- y) = x
    snd :E: (a :E: Type) -> (b :E: Type) -> (_x8 :E: Pair -E- a -E- b) -> b 
      a :E: Type b :E: Type x :E: a y :E: b
        [snd] -E- a -E- b -E- ([MkPair] -E- [a] -E- [b] -E- x -E- y) = y
    constructor Either :E: (_x9 :E: Type) -> (_x10 :E: Type) -> Type
    constructor Left :E: (a :E: Type) -> (b :E: Type) -> (_x11 :E: a) -> Either -E- a -E- b
    constructor Right :E: (a :E: Type) -> (b :E: Type) -> (_x12 :E: b) -> Either -E- a -E- b
    id :E: (a :E: Type) -> (x :E: a) -> a = (\a :E: Type. (\x :E: a. x))
    constructor Fin :E: (_x13 :E: Nat) -> Type
    constructor FZ :E: (n :E: Nat) -> Fin -E- (S -E- n)
    constructor FS :E: (n :E: Nat) -> (_x14 :E: Fin -E- n) -> Fin -E- (S -E- n)
    constructor Vect :E: (_x15 :E: Nat) -> (_x16 :E: Type) -> Type
    constructor VN :E: (a :E: Type) -> Vect -E- Z -E- a
    constructor VC :E: (n :E: Nat) -> (a :E: Type) -> (x :E: a) -> (xs :E: Vect -E- n -E- a) -> Vect -E- (S -E- n) -E- a
    isZero :R: (_x0 :R: Nat) -> Bool 
      [isZero] -R- Z = True
      n :E: Nat
        [isZero] -R- (S -R- n) = False
    f :R: (a :R: Type) -> (_x1 :R: a) -> Bool 
      [f] -R- Bool = not
      [f] -R- Nat = isZero
      a :E: Type
        [f] -R- a = (\x :R: a. False)
    main :R: Bool = f -R- Bool -R- False
  in main

### Final annotation ###

  let
    constructor Nat :R: Type
    constructor Z :R: Nat
    constructor S :R: (x :R: Nat) -> Nat
    plus :E: (_x0 :E: Nat) -> (_x1 :E: Nat) -> Nat 
      n :E: Nat
        [plus] -E- Z -E- n = n
      m :E: Nat n :E: Nat
        [plus] -E- (S -E- m) -E- n = S -E- (plus -E- m -E- n)
    constructor Bool :R: Type
    constructor True :R: Bool
    constructor False :R: Bool
    not :R: (_x2 :R: Bool) -> Bool 
      [not] -R- True = False
      [not] -R- False = True
    constructor Unit :E: Type
    constructor MkUnit :E: Unit
    constructor Pair :E: (_x3 :E: Type) -> (_x4 :E: Type) -> Type
    constructor MkPair :E: (a :E: Type) -> (b :E: Type) -> (_x5 :E: a) -> (_x6 :E: b) -> Pair -E- a -E- b
    fst :E: (a :E: Type) -> (b :E: Type) -> (_x7 :E: Pair -E- a -E- b) -> a 
      a :E: Type b :E: Type x :E: a y :E: b
        [fst] -E- a -E- b -E- ([MkPair] -E- [a] -E- [b] -E- x -E- y) = x
    snd :E: (a :E: Type) -> (b :E: Type) -> (_x8 :E: Pair -E- a -E- b) -> b 
      a :E: Type b :E: Type x :E: a y :E: b
        [snd] -E- a -E- b -E- ([MkPair] -E- [a] -E- [b] -E- x -E- y) = y
    constructor Either :E: (_x9 :E: Type) -> (_x10 :E: Type) -> Type
    constructor Left :E: (a :E: Type) -> (b :E: Type) -> (_x11 :E: a) -> Either -E- a -E- b
    constructor Right :E: (a :E: Type) -> (b :E: Type) -> (_x12 :E: b) -> Either -E- a -E- b
    id :E: (a :E: Type) -> (x :E: a) -> a = (\a :E: Type. (\x :E: a. x))
    constructor Fin :E: (_x13 :E: Nat) -> Type
    constructor FZ :E: (n :E: Nat) -> Fin -E- (S -E- n)
    constructor FS :E: (n :E: Nat) -> (_x14 :E: Fin -E- n) -> Fin -E- (S -E- n)
    constructor Vect :E: (_x15 :E: Nat) -> (_x16 :E: Type) -> Type
    constructor VN :E: (a :E: Type) -> Vect -E- Z -E- a
    constructor VC :E: (n :E: Nat) -> (a :E: Type) -> (x :E: a) -> (xs :E: Vect -E- n -E- a) -> Vect -E- (S -E- n) -E- a
    isZero :R: (_x0 :R: Nat) -> Bool 
      [isZero] -R- Z = True
      n :E: Nat
        [isZero] -R- (S -R- n) = False
    f :R: (a :R: Type) -> (_x1 :R: a) -> Bool 
      [f] -R- Bool = not
      [f] -R- Nat = isZero
      a :E: Type
        [f] -R- a = (\x :R: a. False)
    main :R: Bool = f -R- Bool -R- False
  in main

### Verification ###

Verification successful.

### Pruned ###

  let
    constructor Nat : Type
    constructor Z : Nat
    constructor S : (x) -> Nat
    constructor Bool : Type
    constructor True : Bool
    constructor False : Bool
    not 
      [_] True = False
      [_] False = True
    isZero 
      [_] Z = True
      [_] (S _) = False
    f 
      [_] Bool = not
      [_] Nat = isZero
      [_] _ = (\x. False)
    main = f Bool False
  in main

### Normal forms ###

unerased:
  
  let
    constructor Bool : Type
    constructor True : Bool
  in True

erased:
  
  let
    constructor Bool : Type
    constructor True : Bool
  in True

