-- vim: ft=ttstar

### Desugared ###

  let
    constructor Bool : Type
    constructor T : Bool
    constructor F : Bool
    constructor Unit : Type
    constructor MkUnit : Unit
    not : (_x0 : Bool) -> Unit 
      not T = MkUnit
      not F = MkUnit
    main : Unit = not T
  in main

### Evarified ###

  let
    constructor Bool :1: Type
    constructor T :2: Bool
    constructor F :3: Bool
    constructor Unit :4: Type
    constructor MkUnit :5: Unit
    not :6: (_x0 :7: Bool) -> Unit 
      not -8- T = MkUnit
      not -9- F = MkUnit
    main :10: Unit = not -11- T
  in main

### Constraints ###

[6] -> [2,3,5,6,8,9]
[7] -> [8,9,11]
[8] -> [7]
[9] -> [7]
[10] -> [6]
[10,11] -> [2]
[11] -> [7]
[E] -> [1,4,R]
[R] -> [10]

### Solution ###

[2,3,5,6,7,8,9,10,11,R]

### Annotated ###

  let
    constructor Bool :E: Type
    constructor T :R: Bool
    constructor F :R: Bool
    constructor Unit :E: Type
    constructor MkUnit :R: Unit
    not :R: (_x0 :R: Bool) -> Unit 
      not -R- T = MkUnit
      not -R- F = MkUnit
    main :R: Unit = not -R- T
  in main

### Specialised ###

  let
    constructor Bool :E: Type
    constructor T :R: Bool
    constructor F :R: Bool
    constructor Unit :E: Type
    constructor MkUnit :R: Unit
    not :R: (_x0 :R: Bool) -> Unit 
      not -R- T = MkUnit
      not -R- F = MkUnit
    main :R: Unit = not -R- T
  in main

### Final annotation ###

  let
    constructor Bool :E: Type
    constructor T :R: Bool
    constructor F :R: Bool
    constructor Unit :E: Type
    constructor MkUnit :R: Unit
    not :R: (_x0 :R: Bool) -> Unit 
      not -R- T = MkUnit
      not -R- F = MkUnit
    main :R: Unit = not -R- T
  in main

### Verification ###

Verification successful.

### Pruned ###

  let
    constructor T : Bool
    constructor F : Bool
    constructor MkUnit : Unit
    not 
      not T = MkUnit
      not F = MkUnit
    main = not T
  in main

### Intermediate representation ###

let T = constructor 0
  in let F = constructor 0
    in let MkUnit = constructor 0
      in let not = \_pv0.
        case _pv0 of
          F => MkUnit
          T => MkUnit
        in let main = (not T)
          in main

### Normal forms ###

unerased:
  
  let
    constructor Unit : Type
    constructor MkUnit : Unit
  in MkUnit

erased:
  
  let constructor MkUnit : Unit
  in MkUnit

